{"C:\\Users\\monte\\Downloads\\Capstone\\CampusShield\\playwright.config.js": {"path":"C:\\Users\\monte\\Downloads\\Capstone\\CampusShield\\playwright.config.js","all":true,"statementMap":{"0":{"start":{"line":1,"column":0},"end":{"line":1,"column":48}},"1":{"start":{"line":2,"column":0},"end":{"line":2,"column":0}},"2":{"start":{"line":3,"column":0},"end":{"line":3,"column":29}},"3":{"start":{"line":4,"column":0},"end":{"line":4,"column":25}},"4":{"start":{"line":5,"column":0},"end":{"line":5,"column":17}},"5":{"start":{"line":6,"column":0},"end":{"line":6,"column":11}},"6":{"start":{"line":7,"column":0},"end":{"line":7,"column":18}},"7":{"start":{"line":8,"column":0},"end":{"line":8,"column":4}},"8":{"start":{"line":9,"column":0},"end":{"line":9,"column":8}},"9":{"start":{"line":10,"column":0},"end":{"line":10,"column":37}},"10":{"start":{"line":11,"column":0},"end":{"line":11,"column":19}},"11":{"start":{"line":12,"column":0},"end":{"line":12,"column":34}},"12":{"start":{"line":13,"column":0},"end":{"line":13,"column":31}},"13":{"start":{"line":14,"column":0},"end":{"line":14,"column":4}},"14":{"start":{"line":15,"column":0},"end":{"line":15,"column":14}},"15":{"start":{"line":16,"column":0},"end":{"line":16,"column":75}},"16":{"start":{"line":17,"column":0},"end":{"line":17,"column":33}},"17":{"start":{"line":18,"column":0},"end":{"line":18,"column":30}},"18":{"start":{"line":19,"column":0},"end":{"line":19,"column":20}},"19":{"start":{"line":20,"column":0},"end":{"line":20,"column":4}},"20":{"start":{"line":21,"column":0},"end":{"line":21,"column":3}}},"s":{"0":0,"1":0,"2":0,"3":0,"4":0,"5":0,"6":0,"7":0,"8":0,"9":0,"10":0,"11":0,"12":0,"13":0,"14":0,"15":0,"16":0,"17":0,"18":0,"19":0,"20":0},"branchMap":{"0":{"type":"branch","line":1,"loc":{"start":{"line":1,"column":0},"end":{"line":21,"column":-98}},"locations":[{"start":{"line":1,"column":0},"end":{"line":21,"column":-98}}]}},"b":{"0":[0]},"fnMap":{"0":{"name":"(empty-report)","decl":{"start":{"line":1,"column":0},"end":{"line":21,"column":-98}},"loc":{"start":{"line":1,"column":0},"end":{"line":21,"column":-98}},"line":1}},"f":{"0":0}}
,"C:\\Users\\monte\\Downloads\\Capstone\\CampusShield\\scripts\\coverage-core.cjs": {"path":"C:\\Users\\monte\\Downloads\\Capstone\\CampusShield\\scripts\\coverage-core.cjs","all":true,"statementMap":{"0":{"start":{"line":1,"column":0},"end":{"line":1,"column":25}},"1":{"start":{"line":2,"column":0},"end":{"line":2,"column":29}},"2":{"start":{"line":3,"column":0},"end":{"line":3,"column":0}},"3":{"start":{"line":4,"column":0},"end":{"line":4,"column":81}},"4":{"start":{"line":5,"column":0},"end":{"line":5,"column":30}},"5":{"start":{"line":6,"column":0},"end":{"line":6,"column":61}},"6":{"start":{"line":7,"column":0},"end":{"line":7,"column":18}},"7":{"start":{"line":8,"column":0},"end":{"line":8,"column":1}},"8":{"start":{"line":9,"column":0},"end":{"line":9,"column":0}},"9":{"start":{"line":10,"column":0},"end":{"line":10,"column":58}},"10":{"start":{"line":11,"column":0},"end":{"line":11,"column":0}},"11":{"start":{"line":12,"column":0},"end":{"line":12,"column":17}},"12":{"start":{"line":13,"column":0},"end":{"line":13,"column":51}},"13":{"start":{"line":14,"column":0},"end":{"line":14,"column":50}},"14":{"start":{"line":15,"column":0},"end":{"line":15,"column":2}},"15":{"start":{"line":16,"column":0},"end":{"line":16,"column":0}},"16":{"start":{"line":17,"column":0},"end":{"line":17,"column":27}},"17":{"start":{"line":18,"column":0},"end":{"line":18,"column":26}},"18":{"start":{"line":19,"column":0},"end":{"line":19,"column":24}},"19":{"start":{"line":20,"column":0},"end":{"line":20,"column":15}},"20":{"start":{"line":21,"column":0},"end":{"line":21,"column":56}},"21":{"start":{"line":22,"column":0},"end":{"line":22,"column":13}},"22":{"start":{"line":23,"column":0},"end":{"line":23,"column":3}},"23":{"start":{"line":24,"column":0},"end":{"line":24,"column":26}},"24":{"start":{"line":25,"column":0},"end":{"line":25,"column":39}},"25":{"start":{"line":26,"column":0},"end":{"line":26,"column":60}},"26":{"start":{"line":27,"column":0},"end":{"line":27,"column":18}},"27":{"start":{"line":28,"column":0},"end":{"line":28,"column":20}},"28":{"start":{"line":29,"column":0},"end":{"line":29,"column":1}},"29":{"start":{"line":30,"column":0},"end":{"line":30,"column":0}},"30":{"start":{"line":31,"column":0},"end":{"line":31,"column":48}},"31":{"start":{"line":32,"column":0},"end":{"line":32,"column":78}},"32":{"start":{"line":33,"column":0},"end":{"line":33,"column":76}},"33":{"start":{"line":34,"column":0},"end":{"line":34,"column":112}},"34":{"start":{"line":35,"column":0},"end":{"line":35,"column":49}}},"s":{"0":0,"1":0,"2":0,"3":0,"4":0,"5":0,"6":0,"7":0,"8":0,"9":0,"10":0,"11":0,"12":0,"13":0,"14":0,"15":0,"16":0,"17":0,"18":0,"19":0,"20":0,"21":0,"22":0,"23":0,"24":0,"25":0,"26":0,"27":0,"28":0,"29":0,"30":0,"31":0,"32":0,"33":0,"34":0},"branchMap":{"0":{"type":"branch","line":1,"loc":{"start":{"line":1,"column":1182},"end":{"line":35,"column":49}},"locations":[{"start":{"line":1,"column":1182},"end":{"line":35,"column":49}}]}},"b":{"0":[0]},"fnMap":{"0":{"name":"(empty-report)","decl":{"start":{"line":1,"column":1182},"end":{"line":35,"column":49}},"loc":{"start":{"line":1,"column":1182},"end":{"line":35,"column":49}},"line":1}},"f":{"0":0}}
,"C:\\Users\\monte\\Downloads\\Capstone\\CampusShield\\scripts\\coverage-summary.cjs": {"path":"C:\\Users\\monte\\Downloads\\Capstone\\CampusShield\\scripts\\coverage-summary.cjs","all":true,"statementMap":{"0":{"start":{"line":1,"column":0},"end":{"line":1,"column":25}},"1":{"start":{"line":2,"column":0},"end":{"line":2,"column":29}},"2":{"start":{"line":3,"column":0},"end":{"line":3,"column":0}},"3":{"start":{"line":4,"column":0},"end":{"line":4,"column":81}},"4":{"start":{"line":5,"column":0},"end":{"line":5,"column":30}},"5":{"start":{"line":6,"column":0},"end":{"line":6,"column":61}},"6":{"start":{"line":7,"column":0},"end":{"line":7,"column":18}},"7":{"start":{"line":8,"column":0},"end":{"line":8,"column":1}},"8":{"start":{"line":9,"column":0},"end":{"line":9,"column":0}},"9":{"start":{"line":10,"column":0},"end":{"line":10,"column":58}},"10":{"start":{"line":11,"column":0},"end":{"line":11,"column":0}},"11":{"start":{"line":12,"column":0},"end":{"line":12,"column":27}},"12":{"start":{"line":13,"column":0},"end":{"line":13,"column":26}},"13":{"start":{"line":14,"column":0},"end":{"line":14,"column":38}},"14":{"start":{"line":15,"column":0},"end":{"line":15,"column":61}},"15":{"start":{"line":16,"column":0},"end":{"line":16,"column":28}},"16":{"start":{"line":17,"column":0},"end":{"line":17,"column":1}},"17":{"start":{"line":18,"column":0},"end":{"line":18,"column":0}},"18":{"start":{"line":19,"column":0},"end":{"line":19,"column":96}},"19":{"start":{"line":20,"column":0},"end":{"line":20,"column":0}},"20":{"start":{"line":21,"column":0},"end":{"line":21,"column":33}},"21":{"start":{"line":22,"column":0},"end":{"line":22,"column":43}},"22":{"start":{"line":23,"column":0},"end":{"line":23,"column":0}},"23":{"start":{"line":24,"column":0},"end":{"line":24,"column":39}},"24":{"start":{"line":25,"column":0},"end":{"line":25,"column":38}},"25":{"start":{"line":26,"column":0},"end":{"line":26,"column":26}},"26":{"start":{"line":27,"column":0},"end":{"line":27,"column":30}},"27":{"start":{"line":28,"column":0},"end":{"line":28,"column":1}},"28":{"start":{"line":29,"column":0},"end":{"line":29,"column":0}},"29":{"start":{"line":30,"column":0},"end":{"line":30,"column":27}},"30":{"start":{"line":31,"column":0},"end":{"line":31,"column":38}},"31":{"start":{"line":32,"column":0},"end":{"line":32,"column":31}},"32":{"start":{"line":33,"column":0},"end":{"line":33,"column":35}},"33":{"start":{"line":34,"column":0},"end":{"line":34,"column":1}},"34":{"start":{"line":35,"column":0},"end":{"line":35,"column":0}},"35":{"start":{"line":36,"column":0},"end":{"line":36,"column":64}},"36":{"start":{"line":37,"column":0},"end":{"line":37,"column":75}},"37":{"start":{"line":38,"column":0},"end":{"line":38,"column":0}},"38":{"start":{"line":39,"column":0},"end":{"line":39,"column":47}},"39":{"start":{"line":40,"column":0},"end":{"line":40,"column":93}},"40":{"start":{"line":41,"column":0},"end":{"line":41,"column":105}},"41":{"start":{"line":42,"column":0},"end":{"line":42,"column":0}},"42":{"start":{"line":43,"column":0},"end":{"line":43,"column":13}},"43":{"start":{"line":44,"column":0},"end":{"line":44,"column":88}},"44":{"start":{"line":45,"column":0},"end":{"line":45,"column":90}},"45":{"start":{"line":46,"column":0},"end":{"line":46,"column":39}},"46":{"start":{"line":47,"column":0},"end":{"line":47,"column":2}},"47":{"start":{"line":48,"column":0},"end":{"line":48,"column":115}},"48":{"start":{"line":49,"column":0},"end":{"line":49,"column":52}}},"s":{"0":0,"1":0,"2":0,"3":0,"4":0,"5":0,"6":0,"7":0,"8":0,"9":0,"10":0,"11":0,"12":0,"13":0,"14":0,"15":0,"16":0,"17":0,"18":0,"19":0,"20":0,"21":0,"22":0,"23":0,"24":0,"25":0,"26":0,"27":0,"28":0,"29":0,"30":0,"31":0,"32":0,"33":0,"34":0,"35":0,"36":0,"37":0,"38":0,"39":0,"40":0,"41":0,"42":0,"43":0,"44":0,"45":0,"46":0,"47":0,"48":0},"branchMap":{"0":{"type":"branch","line":1,"loc":{"start":{"line":1,"column":1801},"end":{"line":49,"column":52}},"locations":[{"start":{"line":1,"column":1801},"end":{"line":49,"column":52}}]}},"b":{"0":[0]},"fnMap":{"0":{"name":"(empty-report)","decl":{"start":{"line":1,"column":1801},"end":{"line":49,"column":52}},"loc":{"start":{"line":1,"column":1801},"end":{"line":49,"column":52}},"line":1}},"f":{"0":0}}
,"C:\\Users\\monte\\Downloads\\Capstone\\CampusShield\\scripts\\coverage-summary.js": {"path":"C:\\Users\\monte\\Downloads\\Capstone\\CampusShield\\scripts\\coverage-summary.js","all":true,"statementMap":{"0":{"start":{"line":1,"column":0},"end":{"line":1,"column":25}},"1":{"start":{"line":2,"column":0},"end":{"line":2,"column":29}},"2":{"start":{"line":3,"column":0},"end":{"line":3,"column":0}},"3":{"start":{"line":4,"column":0},"end":{"line":4,"column":81}},"4":{"start":{"line":5,"column":0},"end":{"line":5,"column":30}},"5":{"start":{"line":6,"column":0},"end":{"line":6,"column":61}},"6":{"start":{"line":7,"column":0},"end":{"line":7,"column":18}},"7":{"start":{"line":8,"column":0},"end":{"line":8,"column":1}},"8":{"start":{"line":9,"column":0},"end":{"line":9,"column":0}},"9":{"start":{"line":10,"column":0},"end":{"line":10,"column":58}},"10":{"start":{"line":11,"column":0},"end":{"line":11,"column":0}},"11":{"start":{"line":12,"column":0},"end":{"line":12,"column":27}},"12":{"start":{"line":13,"column":0},"end":{"line":13,"column":26}},"13":{"start":{"line":14,"column":0},"end":{"line":14,"column":38}},"14":{"start":{"line":15,"column":0},"end":{"line":15,"column":61}},"15":{"start":{"line":16,"column":0},"end":{"line":16,"column":28}},"16":{"start":{"line":17,"column":0},"end":{"line":17,"column":1}},"17":{"start":{"line":18,"column":0},"end":{"line":18,"column":0}},"18":{"start":{"line":19,"column":0},"end":{"line":19,"column":96}},"19":{"start":{"line":20,"column":0},"end":{"line":20,"column":0}},"20":{"start":{"line":21,"column":0},"end":{"line":21,"column":33}},"21":{"start":{"line":22,"column":0},"end":{"line":22,"column":43}},"22":{"start":{"line":23,"column":0},"end":{"line":23,"column":0}},"23":{"start":{"line":24,"column":0},"end":{"line":24,"column":39}},"24":{"start":{"line":25,"column":0},"end":{"line":25,"column":38}},"25":{"start":{"line":26,"column":0},"end":{"line":26,"column":26}},"26":{"start":{"line":27,"column":0},"end":{"line":27,"column":30}},"27":{"start":{"line":28,"column":0},"end":{"line":28,"column":1}},"28":{"start":{"line":29,"column":0},"end":{"line":29,"column":0}},"29":{"start":{"line":30,"column":0},"end":{"line":30,"column":27}},"30":{"start":{"line":31,"column":0},"end":{"line":31,"column":38}},"31":{"start":{"line":32,"column":0},"end":{"line":32,"column":31}},"32":{"start":{"line":33,"column":0},"end":{"line":33,"column":35}},"33":{"start":{"line":34,"column":0},"end":{"line":34,"column":1}},"34":{"start":{"line":35,"column":0},"end":{"line":35,"column":0}},"35":{"start":{"line":36,"column":0},"end":{"line":36,"column":64}},"36":{"start":{"line":37,"column":0},"end":{"line":37,"column":75}},"37":{"start":{"line":38,"column":0},"end":{"line":38,"column":0}},"38":{"start":{"line":39,"column":0},"end":{"line":39,"column":47}},"39":{"start":{"line":40,"column":0},"end":{"line":40,"column":93}},"40":{"start":{"line":41,"column":0},"end":{"line":41,"column":105}},"41":{"start":{"line":42,"column":0},"end":{"line":42,"column":0}},"42":{"start":{"line":43,"column":0},"end":{"line":43,"column":29}},"43":{"start":{"line":44,"column":0},"end":{"line":44,"column":13}},"44":{"start":{"line":45,"column":0},"end":{"line":45,"column":88}},"45":{"start":{"line":46,"column":0},"end":{"line":46,"column":90}},"46":{"start":{"line":47,"column":0},"end":{"line":47,"column":39}},"47":{"start":{"line":48,"column":0},"end":{"line":48,"column":2}},"48":{"start":{"line":49,"column":0},"end":{"line":49,"column":115}},"49":{"start":{"line":50,"column":0},"end":{"line":50,"column":52}}},"s":{"0":0,"1":0,"2":0,"3":0,"4":0,"5":0,"6":0,"7":0,"8":0,"9":0,"10":0,"11":0,"12":0,"13":0,"14":0,"15":0,"16":0,"17":0,"18":0,"19":0,"20":0,"21":0,"22":0,"23":0,"24":0,"25":0,"26":0,"27":0,"28":0,"29":0,"30":0,"31":0,"32":0,"33":0,"34":0,"35":0,"36":0,"37":0,"38":0,"39":0,"40":0,"41":0,"42":0,"43":0,"44":0,"45":0,"46":0,"47":0,"48":0,"49":0},"branchMap":{"0":{"type":"branch","line":1,"loc":{"start":{"line":1,"column":1832},"end":{"line":50,"column":52}},"locations":[{"start":{"line":1,"column":1832},"end":{"line":50,"column":52}}]}},"b":{"0":[0]},"fnMap":{"0":{"name":"(empty-report)","decl":{"start":{"line":1,"column":1832},"end":{"line":50,"column":52}},"loc":{"start":{"line":1,"column":1832},"end":{"line":50,"column":52}},"line":1}},"f":{"0":0}}
,"C:\\Users\\monte\\Downloads\\Capstone\\CampusShield\\scripts\\serve-static.mjs": {"path":"C:\\Users\\monte\\Downloads\\Capstone\\CampusShield\\scripts\\serve-static.mjs","all":true,"statementMap":{"0":{"start":{"line":1,"column":0},"end":{"line":1,"column":41}},"1":{"start":{"line":2,"column":0},"end":{"line":2,"column":44}},"2":{"start":{"line":3,"column":0},"end":{"line":3,"column":65}},"3":{"start":{"line":4,"column":0},"end":{"line":4,"column":29}},"4":{"start":{"line":5,"column":0},"end":{"line":5,"column":41}},"5":{"start":{"line":6,"column":0},"end":{"line":6,"column":0}},"6":{"start":{"line":7,"column":0},"end":{"line":7,"column":18}},"7":{"start":{"line":8,"column":0},"end":{"line":8,"column":78}},"8":{"start":{"line":9,"column":0},"end":{"line":9,"column":63}},"9":{"start":{"line":10,"column":0},"end":{"line":10,"column":54}},"10":{"start":{"line":11,"column":0},"end":{"line":11,"column":0}},"11":{"start":{"line":12,"column":0},"end":{"line":12,"column":19}},"12":{"start":{"line":13,"column":0},"end":{"line":13,"column":38}},"13":{"start":{"line":14,"column":0},"end":{"line":14,"column":49}},"14":{"start":{"line":15,"column":0},"end":{"line":15,"column":50}},"15":{"start":{"line":16,"column":0},"end":{"line":16,"column":36}},"16":{"start":{"line":17,"column":0},"end":{"line":17,"column":45}},"17":{"start":{"line":18,"column":0},"end":{"line":18,"column":22}},"18":{"start":{"line":19,"column":0},"end":{"line":19,"column":23}},"19":{"start":{"line":20,"column":0},"end":{"line":20,"column":24}},"20":{"start":{"line":21,"column":0},"end":{"line":21,"column":26}},"21":{"start":{"line":22,"column":0},"end":{"line":22,"column":25}},"22":{"start":{"line":23,"column":0},"end":{"line":23,"column":25}},"23":{"start":{"line":24,"column":0},"end":{"line":24,"column":2}},"24":{"start":{"line":25,"column":0},"end":{"line":25,"column":0}},"25":{"start":{"line":26,"column":0},"end":{"line":26,"column":33}},"26":{"start":{"line":27,"column":0},"end":{"line":27,"column":61}},"27":{"start":{"line":28,"column":0},"end":{"line":28,"column":48}},"28":{"start":{"line":29,"column":0},"end":{"line":29,"column":20}},"29":{"start":{"line":30,"column":0},"end":{"line":30,"column":1}},"30":{"start":{"line":31,"column":0},"end":{"line":31,"column":0}},"31":{"start":{"line":32,"column":0},"end":{"line":32,"column":49}},"32":{"start":{"line":33,"column":0},"end":{"line":33,"column":92}},"33":{"start":{"line":34,"column":0},"end":{"line":34,"column":64}},"34":{"start":{"line":35,"column":0},"end":{"line":35,"column":47}},"35":{"start":{"line":36,"column":0},"end":{"line":36,"column":0}},"36":{"start":{"line":37,"column":0},"end":{"line":37,"column":43}},"37":{"start":{"line":38,"column":0},"end":{"line":38,"column":72}},"38":{"start":{"line":39,"column":0},"end":{"line":39,"column":25}},"39":{"start":{"line":40,"column":0},"end":{"line":40,"column":11}},"40":{"start":{"line":41,"column":0},"end":{"line":41,"column":3}},"41":{"start":{"line":42,"column":0},"end":{"line":42,"column":0}},"42":{"start":{"line":43,"column":0},"end":{"line":43,"column":51}},"43":{"start":{"line":44,"column":0},"end":{"line":44,"column":67}},"44":{"start":{"line":45,"column":0},"end":{"line":45,"column":0}},"45":{"start":{"line":46,"column":0},"end":{"line":46,"column":54}},"46":{"start":{"line":47,"column":0},"end":{"line":47,"column":39}},"47":{"start":{"line":48,"column":0},"end":{"line":48,"column":3}},"48":{"start":{"line":49,"column":0},"end":{"line":49,"column":0}},"49":{"start":{"line":50,"column":0},"end":{"line":50,"column":40}},"50":{"start":{"line":51,"column":0},"end":{"line":51,"column":65}},"51":{"start":{"line":52,"column":0},"end":{"line":52,"column":3}}},"s":{"0":0,"1":0,"2":0,"3":0,"4":0,"5":0,"6":0,"7":0,"8":0,"9":0,"10":0,"11":0,"12":0,"13":0,"14":0,"15":0,"16":0,"17":0,"18":0,"19":0,"20":0,"21":0,"22":0,"23":0,"24":0,"25":0,"26":0,"27":0,"28":0,"29":0,"30":0,"31":0,"32":0,"33":0,"34":0,"35":0,"36":0,"37":0,"38":0,"39":0,"40":0,"41":0,"42":0,"43":0,"44":0,"45":0,"46":0,"47":0,"48":0,"49":0,"50":0,"51":0},"branchMap":{"0":{"type":"branch","line":1,"loc":{"start":{"line":1,"column":0},"end":{"line":52,"column":-509}},"locations":[{"start":{"line":1,"column":0},"end":{"line":52,"column":-509}}]}},"b":{"0":[0]},"fnMap":{"0":{"name":"(empty-report)","decl":{"start":{"line":1,"column":0},"end":{"line":52,"column":-509}},"loc":{"start":{"line":1,"column":0},"end":{"line":52,"column":-509}},"line":1}},"f":{"0":0}}
,"C:\\Users\\monte\\Downloads\\Capstone\\CampusShield\\src\\app.js": {"path":"C:\\Users\\monte\\Downloads\\Capstone\\CampusShield\\src\\app.js","all":false,"statementMap":{"0":{"start":{"line":1,"column":0},"end":{"line":1,"column":40}},"1":{"start":{"line":2,"column":0},"end":{"line":2,"column":38}},"2":{"start":{"line":3,"column":0},"end":{"line":3,"column":38}},"3":{"start":{"line":4,"column":0},"end":{"line":4,"column":0}},"4":{"start":{"line":5,"column":0},"end":{"line":5,"column":52}},"5":{"start":{"line":6,"column":0},"end":{"line":6,"column":0}},"6":{"start":{"line":7,"column":0},"end":{"line":7,"column":81}},"7":{"start":{"line":8,"column":0},"end":{"line":8,"column":0}},"8":{"start":{"line":9,"column":0},"end":{"line":9,"column":62}},"9":{"start":{"line":10,"column":0},"end":{"line":10,"column":59}},"10":{"start":{"line":11,"column":0},"end":{"line":11,"column":60}},"11":{"start":{"line":12,"column":0},"end":{"line":12,"column":59}},"12":{"start":{"line":13,"column":0},"end":{"line":13,"column":60}},"13":{"start":{"line":14,"column":0},"end":{"line":14,"column":62}},"14":{"start":{"line":15,"column":0},"end":{"line":15,"column":65}},"15":{"start":{"line":16,"column":0},"end":{"line":16,"column":0}},"16":{"start":{"line":17,"column":0},"end":{"line":17,"column":24}},"17":{"start":{"line":18,"column":0},"end":{"line":18,"column":0}},"18":{"start":{"line":19,"column":0},"end":{"line":19,"column":89}},"19":{"start":{"line":20,"column":0},"end":{"line":20,"column":11}},"20":{"start":{"line":21,"column":0},"end":{"line":21,"column":15}},"21":{"start":{"line":22,"column":0},"end":{"line":22,"column":127}},"22":{"start":{"line":23,"column":0},"end":{"line":23,"column":155}},"23":{"start":{"line":24,"column":0},"end":{"line":24,"column":39}},"24":{"start":{"line":25,"column":0},"end":{"line":25,"column":49}},"25":{"start":{"line":26,"column":0},"end":{"line":26,"column":12}},"26":{"start":{"line":27,"column":0},"end":{"line":27,"column":46}},"27":{"start":{"line":28,"column":0},"end":{"line":28,"column":5}},"28":{"start":{"line":29,"column":0},"end":{"line":29,"column":0}},"29":{"start":{"line":30,"column":0},"end":{"line":30,"column":41}},"30":{"start":{"line":31,"column":0},"end":{"line":31,"column":41}},"31":{"start":{"line":32,"column":0},"end":{"line":32,"column":0}},"32":{"start":{"line":33,"column":0},"end":{"line":33,"column":20}},"33":{"start":{"line":34,"column":0},"end":{"line":34,"column":46}},"34":{"start":{"line":35,"column":0},"end":{"line":35,"column":50}},"35":{"start":{"line":36,"column":0},"end":{"line":36,"column":56}},"36":{"start":{"line":37,"column":0},"end":{"line":37,"column":50}},"37":{"start":{"line":38,"column":0},"end":{"line":38,"column":12}},"38":{"start":{"line":39,"column":0},"end":{"line":39,"column":43}},"39":{"start":{"line":40,"column":0},"end":{"line":40,"column":5}},"40":{"start":{"line":41,"column":0},"end":{"line":41,"column":0}},"41":{"start":{"line":42,"column":0},"end":{"line":42,"column":27}},"42":{"start":{"line":43,"column":0},"end":{"line":43,"column":32}},"43":{"start":{"line":44,"column":0},"end":{"line":44,"column":58}},"44":{"start":{"line":45,"column":0},"end":{"line":45,"column":53}},"45":{"start":{"line":46,"column":0},"end":{"line":46,"column":43}},"46":{"start":{"line":47,"column":0},"end":{"line":47,"column":180}},"47":{"start":{"line":48,"column":0},"end":{"line":48,"column":32}},"48":{"start":{"line":49,"column":0},"end":{"line":49,"column":160}},"49":{"start":{"line":50,"column":0},"end":{"line":50,"column":145}},"50":{"start":{"line":51,"column":0},"end":{"line":51,"column":32}},"51":{"start":{"line":52,"column":0},"end":{"line":52,"column":45}},"52":{"start":{"line":53,"column":0},"end":{"line":53,"column":25}},"53":{"start":{"line":54,"column":0},"end":{"line":54,"column":31}},"54":{"start":{"line":55,"column":0},"end":{"line":55,"column":79}},"55":{"start":{"line":56,"column":0},"end":{"line":56,"column":36}},"56":{"start":{"line":57,"column":0},"end":{"line":57,"column":13}},"57":{"start":{"line":58,"column":0},"end":{"line":58,"column":11}},"58":{"start":{"line":59,"column":0},"end":{"line":59,"column":38}},"59":{"start":{"line":60,"column":0},"end":{"line":60,"column":7}},"60":{"start":{"line":61,"column":0},"end":{"line":61,"column":0}},"61":{"start":{"line":62,"column":0},"end":{"line":62,"column":39}},"62":{"start":{"line":63,"column":0},"end":{"line":63,"column":1}},"63":{"start":{"line":64,"column":0},"end":{"line":64,"column":0}},"64":{"start":{"line":65,"column":0},"end":{"line":65,"column":23}},"65":{"start":{"line":66,"column":0},"end":{"line":66,"column":42}},"66":{"start":{"line":67,"column":0},"end":{"line":67,"column":1}},"67":{"start":{"line":68,"column":0},"end":{"line":68,"column":0}},"68":{"start":{"line":69,"column":0},"end":{"line":69,"column":26}},"69":{"start":{"line":70,"column":0},"end":{"line":70,"column":47}},"70":{"start":{"line":71,"column":0},"end":{"line":71,"column":36}},"71":{"start":{"line":72,"column":0},"end":{"line":72,"column":21}},"72":{"start":{"line":73,"column":0},"end":{"line":73,"column":70}},"73":{"start":{"line":74,"column":0},"end":{"line":74,"column":5}},"74":{"start":{"line":75,"column":0},"end":{"line":75,"column":3}},"75":{"start":{"line":76,"column":0},"end":{"line":76,"column":0}},"76":{"start":{"line":77,"column":0},"end":{"line":77,"column":51}},"77":{"start":{"line":78,"column":0},"end":{"line":78,"column":35}},"78":{"start":{"line":79,"column":0},"end":{"line":79,"column":31}},"79":{"start":{"line":80,"column":0},"end":{"line":80,"column":19}},"80":{"start":{"line":81,"column":0},"end":{"line":81,"column":38}},"81":{"start":{"line":82,"column":0},"end":{"line":82,"column":69}},"82":{"start":{"line":83,"column":0},"end":{"line":83,"column":11}},"83":{"start":{"line":84,"column":0},"end":{"line":84,"column":7}},"84":{"start":{"line":85,"column":0},"end":{"line":85,"column":1}},"85":{"start":{"line":86,"column":0},"end":{"line":86,"column":0}},"86":{"start":{"line":87,"column":0},"end":{"line":87,"column":94}},"87":{"start":{"line":88,"column":0},"end":{"line":88,"column":35}},"88":{"start":{"line":89,"column":0},"end":{"line":89,"column":31}},"89":{"start":{"line":90,"column":0},"end":{"line":90,"column":19}},"90":{"start":{"line":91,"column":0},"end":{"line":91,"column":38}},"91":{"start":{"line":92,"column":0},"end":{"line":92,"column":22}},"92":{"start":{"line":93,"column":0},"end":{"line":93,"column":85}},"93":{"start":{"line":94,"column":0},"end":{"line":94,"column":101}},"94":{"start":{"line":95,"column":0},"end":{"line":95,"column":13}},"95":{"start":{"line":96,"column":0},"end":{"line":96,"column":11}},"96":{"start":{"line":97,"column":0},"end":{"line":97,"column":7}},"97":{"start":{"line":98,"column":0},"end":{"line":98,"column":1}},"98":{"start":{"line":99,"column":0},"end":{"line":99,"column":0}},"99":{"start":{"line":100,"column":0},"end":{"line":100,"column":79}},"100":{"start":{"line":101,"column":0},"end":{"line":101,"column":35}},"101":{"start":{"line":102,"column":0},"end":{"line":102,"column":31}},"102":{"start":{"line":103,"column":0},"end":{"line":103,"column":19}},"103":{"start":{"line":104,"column":0},"end":{"line":104,"column":38}},"104":{"start":{"line":105,"column":0},"end":{"line":105,"column":28}},"105":{"start":{"line":106,"column":0},"end":{"line":106,"column":48}},"106":{"start":{"line":107,"column":0},"end":{"line":107,"column":22}},"107":{"start":{"line":108,"column":0},"end":{"line":108,"column":72}},"108":{"start":{"line":109,"column":0},"end":{"line":109,"column":88}},"109":{"start":{"line":110,"column":0},"end":{"line":110,"column":13}},"110":{"start":{"line":111,"column":0},"end":{"line":111,"column":11}},"111":{"start":{"line":112,"column":0},"end":{"line":112,"column":7}},"112":{"start":{"line":113,"column":0},"end":{"line":113,"column":1}},"113":{"start":{"line":114,"column":0},"end":{"line":114,"column":0}},"114":{"start":{"line":115,"column":0},"end":{"line":115,"column":81}},"115":{"start":{"line":116,"column":0},"end":{"line":116,"column":0}},"116":{"start":{"line":117,"column":0},"end":{"line":117,"column":33}},"117":{"start":{"line":118,"column":0},"end":{"line":118,"column":54}},"118":{"start":{"line":119,"column":0},"end":{"line":119,"column":49}},"119":{"start":{"line":120,"column":0},"end":{"line":120,"column":34}},"120":{"start":{"line":121,"column":0},"end":{"line":121,"column":104}},"121":{"start":{"line":122,"column":0},"end":{"line":122,"column":38}},"122":{"start":{"line":123,"column":0},"end":{"line":123,"column":5}},"123":{"start":{"line":124,"column":0},"end":{"line":124,"column":54}},"124":{"start":{"line":125,"column":0},"end":{"line":125,"column":1}},"125":{"start":{"line":126,"column":0},"end":{"line":126,"column":0}},"126":{"start":{"line":127,"column":0},"end":{"line":127,"column":59}},"127":{"start":{"line":128,"column":0},"end":{"line":128,"column":45}},"128":{"start":{"line":129,"column":0},"end":{"line":129,"column":0}},"129":{"start":{"line":130,"column":0},"end":{"line":130,"column":21}},"130":{"start":{"line":131,"column":0},"end":{"line":131,"column":39}},"131":{"start":{"line":132,"column":0},"end":{"line":132,"column":43}},"132":{"start":{"line":133,"column":0},"end":{"line":133,"column":60}},"133":{"start":{"line":134,"column":0},"end":{"line":134,"column":97}},"134":{"start":{"line":135,"column":0},"end":{"line":135,"column":43}},"135":{"start":{"line":136,"column":0},"end":{"line":136,"column":6}},"136":{"start":{"line":137,"column":0},"end":{"line":137,"column":0}},"137":{"start":{"line":138,"column":0},"end":{"line":138,"column":48}},"138":{"start":{"line":139,"column":0},"end":{"line":139,"column":23}},"139":{"start":{"line":140,"column":0},"end":{"line":140,"column":82}},"140":{"start":{"line":141,"column":0},"end":{"line":141,"column":40}},"141":{"start":{"line":142,"column":0},"end":{"line":142,"column":62}},"142":{"start":{"line":143,"column":0},"end":{"line":143,"column":13}},"143":{"start":{"line":144,"column":0},"end":{"line":144,"column":0}},"144":{"start":{"line":145,"column":0},"end":{"line":145,"column":23}},"145":{"start":{"line":146,"column":0},"end":{"line":146,"column":129}},"146":{"start":{"line":147,"column":0},"end":{"line":147,"column":36}},"147":{"start":{"line":148,"column":0},"end":{"line":148,"column":69}},"148":{"start":{"line":149,"column":0},"end":{"line":149,"column":93}},"149":{"start":{"line":150,"column":0},"end":{"line":150,"column":14}},"150":{"start":{"line":151,"column":0},"end":{"line":151,"column":174}},"151":{"start":{"line":152,"column":0},"end":{"line":152,"column":74}},"152":{"start":{"line":153,"column":0},"end":{"line":153,"column":17}},"153":{"start":{"line":154,"column":0},"end":{"line":154,"column":6}},"154":{"start":{"line":155,"column":0},"end":{"line":155,"column":0}},"155":{"start":{"line":156,"column":0},"end":{"line":156,"column":33}},"156":{"start":{"line":157,"column":0},"end":{"line":157,"column":0}},"157":{"start":{"line":158,"column":0},"end":{"line":158,"column":15}},"158":{"start":{"line":159,"column":0},"end":{"line":159,"column":33}},"159":{"start":{"line":160,"column":0},"end":{"line":160,"column":37}},"160":{"start":{"line":161,"column":0},"end":{"line":161,"column":68}},"161":{"start":{"line":162,"column":0},"end":{"line":162,"column":11}},"162":{"start":{"line":163,"column":0},"end":{"line":163,"column":7}},"163":{"start":{"line":164,"column":0},"end":{"line":164,"column":0}},"164":{"start":{"line":165,"column":0},"end":{"line":165,"column":29}},"165":{"start":{"line":166,"column":0},"end":{"line":166,"column":27}},"166":{"start":{"line":167,"column":0},"end":{"line":167,"column":61}},"167":{"start":{"line":168,"column":0},"end":{"line":168,"column":46}},"168":{"start":{"line":169,"column":0},"end":{"line":169,"column":6}},"169":{"start":{"line":170,"column":0},"end":{"line":170,"column":60}},"170":{"start":{"line":171,"column":0},"end":{"line":171,"column":103}},"171":{"start":{"line":172,"column":0},"end":{"line":172,"column":1}},"172":{"start":{"line":173,"column":0},"end":{"line":173,"column":0}},"173":{"start":{"line":174,"column":0},"end":{"line":174,"column":36}},"174":{"start":{"line":175,"column":0},"end":{"line":175,"column":28}},"175":{"start":{"line":176,"column":0},"end":{"line":176,"column":0}},"176":{"start":{"line":177,"column":0},"end":{"line":177,"column":31}},"177":{"start":{"line":178,"column":0},"end":{"line":178,"column":33}},"178":{"start":{"line":179,"column":0},"end":{"line":179,"column":51}},"179":{"start":{"line":180,"column":0},"end":{"line":180,"column":0}},"180":{"start":{"line":181,"column":0},"end":{"line":181,"column":43}},"181":{"start":{"line":182,"column":0},"end":{"line":182,"column":0}},"182":{"start":{"line":183,"column":0},"end":{"line":183,"column":36}},"183":{"start":{"line":184,"column":0},"end":{"line":184,"column":60}},"184":{"start":{"line":185,"column":0},"end":{"line":185,"column":94}},"185":{"start":{"line":186,"column":0},"end":{"line":186,"column":15}},"186":{"start":{"line":187,"column":0},"end":{"line":187,"column":5}},"187":{"start":{"line":188,"column":0},"end":{"line":188,"column":0}},"188":{"start":{"line":189,"column":0},"end":{"line":189,"column":34}},"189":{"start":{"line":190,"column":0},"end":{"line":190,"column":52}},"190":{"start":{"line":191,"column":0},"end":{"line":191,"column":0}},"191":{"start":{"line":192,"column":0},"end":{"line":192,"column":39}},"192":{"start":{"line":193,"column":0},"end":{"line":193,"column":63}},"193":{"start":{"line":194,"column":0},"end":{"line":194,"column":48}},"194":{"start":{"line":195,"column":0},"end":{"line":195,"column":27}},"195":{"start":{"line":196,"column":0},"end":{"line":196,"column":72}},"196":{"start":{"line":197,"column":0},"end":{"line":197,"column":61}},"197":{"start":{"line":198,"column":0},"end":{"line":198,"column":70}},"198":{"start":{"line":199,"column":0},"end":{"line":199,"column":73}},"199":{"start":{"line":200,"column":0},"end":{"line":200,"column":19}},"200":{"start":{"line":201,"column":0},"end":{"line":201,"column":13}},"201":{"start":{"line":202,"column":0},"end":{"line":202,"column":57}},"202":{"start":{"line":203,"column":0},"end":{"line":203,"column":29}},"203":{"start":{"line":204,"column":0},"end":{"line":204,"column":56}},"204":{"start":{"line":205,"column":0},"end":{"line":205,"column":0}},"205":{"start":{"line":206,"column":0},"end":{"line":206,"column":54}},"206":{"start":{"line":207,"column":0},"end":{"line":207,"column":28}},"207":{"start":{"line":208,"column":0},"end":{"line":208,"column":31}},"208":{"start":{"line":209,"column":0},"end":{"line":209,"column":41}},"209":{"start":{"line":210,"column":0},"end":{"line":210,"column":62}},"210":{"start":{"line":211,"column":0},"end":{"line":211,"column":82}},"211":{"start":{"line":212,"column":0},"end":{"line":212,"column":40}},"212":{"start":{"line":213,"column":0},"end":{"line":213,"column":23}},"213":{"start":{"line":214,"column":0},"end":{"line":214,"column":24}},"214":{"start":{"line":215,"column":0},"end":{"line":215,"column":31}},"215":{"start":{"line":216,"column":0},"end":{"line":216,"column":45}},"216":{"start":{"line":217,"column":0},"end":{"line":217,"column":69}},"217":{"start":{"line":218,"column":0},"end":{"line":218,"column":79}},"218":{"start":{"line":219,"column":0},"end":{"line":219,"column":40}},"219":{"start":{"line":220,"column":0},"end":{"line":220,"column":23}},"220":{"start":{"line":221,"column":0},"end":{"line":221,"column":17}},"221":{"start":{"line":222,"column":0},"end":{"line":222,"column":62}},"222":{"start":{"line":223,"column":0},"end":{"line":223,"column":28}},"223":{"start":{"line":224,"column":0},"end":{"line":224,"column":31}},"224":{"start":{"line":225,"column":0},"end":{"line":225,"column":38}},"225":{"start":{"line":226,"column":0},"end":{"line":226,"column":64}},"226":{"start":{"line":227,"column":0},"end":{"line":227,"column":72}},"227":{"start":{"line":228,"column":0},"end":{"line":228,"column":40}},"228":{"start":{"line":229,"column":0},"end":{"line":229,"column":23}},"229":{"start":{"line":230,"column":0},"end":{"line":230,"column":17}},"230":{"start":{"line":231,"column":0},"end":{"line":231,"column":13}},"231":{"start":{"line":232,"column":0},"end":{"line":232,"column":9}},"232":{"start":{"line":233,"column":0},"end":{"line":233,"column":5}},"233":{"start":{"line":234,"column":0},"end":{"line":234,"column":0}},"234":{"start":{"line":235,"column":0},"end":{"line":235,"column":23}},"235":{"start":{"line":236,"column":0},"end":{"line":236,"column":90}},"236":{"start":{"line":237,"column":0},"end":{"line":237,"column":1}},"237":{"start":{"line":238,"column":0},"end":{"line":238,"column":0}},"238":{"start":{"line":239,"column":0},"end":{"line":239,"column":53}},"239":{"start":{"line":240,"column":0},"end":{"line":240,"column":23}},"240":{"start":{"line":241,"column":0},"end":{"line":241,"column":0}},"241":{"start":{"line":242,"column":0},"end":{"line":242,"column":81}},"242":{"start":{"line":243,"column":0},"end":{"line":243,"column":0}},"243":{"start":{"line":244,"column":0},"end":{"line":244,"column":22}},"244":{"start":{"line":245,"column":0},"end":{"line":245,"column":0}},"245":{"start":{"line":246,"column":0},"end":{"line":246,"column":20}},"246":{"start":{"line":247,"column":0},"end":{"line":247,"column":60}},"247":{"start":{"line":248,"column":0},"end":{"line":248,"column":55}},"248":{"start":{"line":249,"column":0},"end":{"line":249,"column":0}},"249":{"start":{"line":250,"column":0},"end":{"line":250,"column":51}},"250":{"start":{"line":251,"column":0},"end":{"line":251,"column":21}},"251":{"start":{"line":252,"column":0},"end":{"line":252,"column":28}},"252":{"start":{"line":253,"column":0},"end":{"line":253,"column":26}},"253":{"start":{"line":254,"column":0},"end":{"line":254,"column":5}},"254":{"start":{"line":255,"column":0},"end":{"line":255,"column":0}},"255":{"start":{"line":256,"column":0},"end":{"line":256,"column":35}},"256":{"start":{"line":257,"column":0},"end":{"line":257,"column":0}},"257":{"start":{"line":258,"column":0},"end":{"line":258,"column":32}},"258":{"start":{"line":259,"column":0},"end":{"line":259,"column":38}},"259":{"start":{"line":260,"column":0},"end":{"line":260,"column":33}},"260":{"start":{"line":261,"column":0},"end":{"line":261,"column":29}},"261":{"start":{"line":262,"column":0},"end":{"line":262,"column":26}},"262":{"start":{"line":263,"column":0},"end":{"line":263,"column":31}},"263":{"start":{"line":264,"column":0},"end":{"line":264,"column":7}},"264":{"start":{"line":265,"column":0},"end":{"line":265,"column":0}},"265":{"start":{"line":266,"column":0},"end":{"line":266,"column":71}},"266":{"start":{"line":267,"column":0},"end":{"line":267,"column":20}},"267":{"start":{"line":268,"column":0},"end":{"line":268,"column":25}},"268":{"start":{"line":269,"column":0},"end":{"line":269,"column":0}},"269":{"start":{"line":270,"column":0},"end":{"line":270,"column":24}},"270":{"start":{"line":271,"column":0},"end":{"line":271,"column":94}},"271":{"start":{"line":272,"column":0},"end":{"line":272,"column":0}},"272":{"start":{"line":273,"column":0},"end":{"line":273,"column":46}},"273":{"start":{"line":274,"column":0},"end":{"line":274,"column":32}},"274":{"start":{"line":275,"column":0},"end":{"line":275,"column":26}},"275":{"start":{"line":276,"column":0},"end":{"line":276,"column":33}},"276":{"start":{"line":277,"column":0},"end":{"line":277,"column":34}},"277":{"start":{"line":278,"column":0},"end":{"line":278,"column":19}},"278":{"start":{"line":279,"column":0},"end":{"line":279,"column":131}},"279":{"start":{"line":280,"column":0},"end":{"line":280,"column":32}},"280":{"start":{"line":281,"column":0},"end":{"line":281,"column":68}},"281":{"start":{"line":282,"column":0},"end":{"line":282,"column":66}},"282":{"start":{"line":283,"column":0},"end":{"line":283,"column":79}},"283":{"start":{"line":284,"column":0},"end":{"line":284,"column":73}},"284":{"start":{"line":285,"column":0},"end":{"line":285,"column":50}},"285":{"start":{"line":286,"column":0},"end":{"line":286,"column":89}},"286":{"start":{"line":287,"column":0},"end":{"line":287,"column":42}},"287":{"start":{"line":288,"column":0},"end":{"line":288,"column":117}},"288":{"start":{"line":289,"column":0},"end":{"line":289,"column":22}},"289":{"start":{"line":290,"column":0},"end":{"line":290,"column":14}},"290":{"start":{"line":291,"column":0},"end":{"line":291,"column":11}},"291":{"start":{"line":292,"column":0},"end":{"line":292,"column":0}},"292":{"start":{"line":293,"column":0},"end":{"line":293,"column":95}},"293":{"start":{"line":294,"column":0},"end":{"line":294,"column":96}},"294":{"start":{"line":295,"column":0},"end":{"line":295,"column":0}},"295":{"start":{"line":296,"column":0},"end":{"line":296,"column":27}},"296":{"start":{"line":297,"column":0},"end":{"line":297,"column":93}},"297":{"start":{"line":298,"column":0},"end":{"line":298,"column":149}},"298":{"start":{"line":299,"column":0},"end":{"line":299,"column":135}},"299":{"start":{"line":300,"column":0},"end":{"line":300,"column":87}},"300":{"start":{"line":301,"column":0},"end":{"line":301,"column":124}},"301":{"start":{"line":302,"column":0},"end":{"line":302,"column":106}},"302":{"start":{"line":303,"column":0},"end":{"line":303,"column":22}},"303":{"start":{"line":304,"column":0},"end":{"line":304,"column":74}},"304":{"start":{"line":305,"column":0},"end":{"line":305,"column":59}},"305":{"start":{"line":306,"column":0},"end":{"line":306,"column":64}},"306":{"start":{"line":307,"column":0},"end":{"line":307,"column":22}},"307":{"start":{"line":308,"column":0},"end":{"line":308,"column":137}},"308":{"start":{"line":309,"column":0},"end":{"line":309,"column":50}},"309":{"start":{"line":310,"column":0},"end":{"line":310,"column":22}},"310":{"start":{"line":311,"column":0},"end":{"line":311,"column":18}},"311":{"start":{"line":312,"column":0},"end":{"line":312,"column":10}},"312":{"start":{"line":313,"column":0},"end":{"line":313,"column":0}},"313":{"start":{"line":314,"column":0},"end":{"line":314,"column":42}},"314":{"start":{"line":315,"column":0},"end":{"line":315,"column":30}},"315":{"start":{"line":316,"column":0},"end":{"line":316,"column":53}},"316":{"start":{"line":317,"column":0},"end":{"line":317,"column":7}},"317":{"start":{"line":318,"column":0},"end":{"line":318,"column":0}},"318":{"start":{"line":319,"column":0},"end":{"line":319,"column":34}},"319":{"start":{"line":320,"column":0},"end":{"line":320,"column":58}},"320":{"start":{"line":321,"column":0},"end":{"line":321,"column":50}},"321":{"start":{"line":322,"column":0},"end":{"line":322,"column":37}},"322":{"start":{"line":323,"column":0},"end":{"line":323,"column":25}},"323":{"start":{"line":324,"column":0},"end":{"line":324,"column":38}},"324":{"start":{"line":325,"column":0},"end":{"line":325,"column":65}},"325":{"start":{"line":326,"column":0},"end":{"line":326,"column":66}},"326":{"start":{"line":327,"column":0},"end":{"line":327,"column":63}},"327":{"start":{"line":328,"column":0},"end":{"line":328,"column":13}},"328":{"start":{"line":329,"column":0},"end":{"line":329,"column":10}},"329":{"start":{"line":330,"column":0},"end":{"line":330,"column":37}},"330":{"start":{"line":331,"column":0},"end":{"line":331,"column":5}},"331":{"start":{"line":332,"column":0},"end":{"line":332,"column":1}},"332":{"start":{"line":333,"column":0},"end":{"line":333,"column":0}},"333":{"start":{"line":334,"column":0},"end":{"line":334,"column":80}},"334":{"start":{"line":335,"column":0},"end":{"line":335,"column":0}},"335":{"start":{"line":336,"column":0},"end":{"line":336,"column":28}},"336":{"start":{"line":337,"column":0},"end":{"line":337,"column":28}},"337":{"start":{"line":338,"column":0},"end":{"line":338,"column":15}},"338":{"start":{"line":339,"column":0},"end":{"line":339,"column":2}},"339":{"start":{"line":340,"column":0},"end":{"line":340,"column":0}},"340":{"start":{"line":341,"column":0},"end":{"line":341,"column":45}},"341":{"start":{"line":342,"column":0},"end":{"line":342,"column":35}},"342":{"start":{"line":343,"column":0},"end":{"line":343,"column":26}},"343":{"start":{"line":344,"column":0},"end":{"line":344,"column":34}},"344":{"start":{"line":345,"column":0},"end":{"line":345,"column":37}},"345":{"start":{"line":346,"column":0},"end":{"line":346,"column":61}},"346":{"start":{"line":347,"column":0},"end":{"line":347,"column":74}},"347":{"start":{"line":348,"column":0},"end":{"line":348,"column":38}},"348":{"start":{"line":349,"column":0},"end":{"line":349,"column":7}},"349":{"start":{"line":350,"column":0},"end":{"line":350,"column":43}},"350":{"start":{"line":351,"column":0},"end":{"line":351,"column":49}},"351":{"start":{"line":352,"column":0},"end":{"line":352,"column":15}},"352":{"start":{"line":353,"column":0},"end":{"line":353,"column":2}},"353":{"start":{"line":354,"column":0},"end":{"line":354,"column":0}},"354":{"start":{"line":355,"column":0},"end":{"line":355,"column":39}},"355":{"start":{"line":356,"column":0},"end":{"line":356,"column":41}},"356":{"start":{"line":357,"column":0},"end":{"line":357,"column":31}},"357":{"start":{"line":358,"column":0},"end":{"line":358,"column":30}},"358":{"start":{"line":359,"column":0},"end":{"line":359,"column":34}},"359":{"start":{"line":360,"column":0},"end":{"line":360,"column":106}},"360":{"start":{"line":361,"column":0},"end":{"line":361,"column":31}},"361":{"start":{"line":362,"column":0},"end":{"line":362,"column":30}},"362":{"start":{"line":363,"column":0},"end":{"line":363,"column":31}},"363":{"start":{"line":364,"column":0},"end":{"line":364,"column":7}},"364":{"start":{"line":365,"column":0},"end":{"line":365,"column":27}},"365":{"start":{"line":366,"column":0},"end":{"line":366,"column":29}},"366":{"start":{"line":367,"column":0},"end":{"line":367,"column":15}},"367":{"start":{"line":368,"column":0},"end":{"line":368,"column":2}},"368":{"start":{"line":369,"column":0},"end":{"line":369,"column":0}},"369":{"start":{"line":370,"column":0},"end":{"line":370,"column":41}},"370":{"start":{"line":371,"column":0},"end":{"line":371,"column":52}},"371":{"start":{"line":372,"column":0},"end":{"line":372,"column":40}},"372":{"start":{"line":373,"column":0},"end":{"line":373,"column":19}},"373":{"start":{"line":374,"column":0},"end":{"line":374,"column":26}},"374":{"start":{"line":375,"column":0},"end":{"line":375,"column":55}},"375":{"start":{"line":376,"column":0},"end":{"line":376,"column":61}},"376":{"start":{"line":377,"column":0},"end":{"line":377,"column":28}},"377":{"start":{"line":378,"column":0},"end":{"line":378,"column":11}},"378":{"start":{"line":379,"column":0},"end":{"line":379,"column":15}},"379":{"start":{"line":380,"column":0},"end":{"line":380,"column":5}},"380":{"start":{"line":381,"column":0},"end":{"line":381,"column":15}},"381":{"start":{"line":382,"column":0},"end":{"line":382,"column":2}},"382":{"start":{"line":383,"column":0},"end":{"line":383,"column":0}},"383":{"start":{"line":384,"column":0},"end":{"line":384,"column":21}},"384":{"start":{"line":385,"column":0},"end":{"line":385,"column":50}},"385":{"start":{"line":386,"column":0},"end":{"line":386,"column":33}},"386":{"start":{"line":387,"column":0},"end":{"line":387,"column":0}},"387":{"start":{"line":388,"column":0},"end":{"line":388,"column":23}},"388":{"start":{"line":389,"column":0},"end":{"line":389,"column":37}},"389":{"start":{"line":390,"column":0},"end":{"line":390,"column":40}},"390":{"start":{"line":391,"column":0},"end":{"line":391,"column":15}},"391":{"start":{"line":392,"column":0},"end":{"line":392,"column":5}},"392":{"start":{"line":393,"column":0},"end":{"line":393,"column":0}},"393":{"start":{"line":394,"column":0},"end":{"line":394,"column":36}},"394":{"start":{"line":395,"column":0},"end":{"line":395,"column":79}},"395":{"start":{"line":396,"column":0},"end":{"line":396,"column":15}},"396":{"start":{"line":397,"column":0},"end":{"line":397,"column":5}},"397":{"start":{"line":398,"column":0},"end":{"line":398,"column":0}},"398":{"start":{"line":399,"column":0},"end":{"line":399,"column":32}},"399":{"start":{"line":400,"column":0},"end":{"line":400,"column":54}},"400":{"start":{"line":401,"column":0},"end":{"line":401,"column":19}},"401":{"start":{"line":402,"column":0},"end":{"line":402,"column":25}},"402":{"start":{"line":403,"column":0},"end":{"line":403,"column":34}},"403":{"start":{"line":404,"column":0},"end":{"line":404,"column":35}},"404":{"start":{"line":405,"column":0},"end":{"line":405,"column":81}},"405":{"start":{"line":406,"column":0},"end":{"line":406,"column":64}},"406":{"start":{"line":407,"column":0},"end":{"line":407,"column":15}},"407":{"start":{"line":408,"column":0},"end":{"line":408,"column":5}},"408":{"start":{"line":409,"column":0},"end":{"line":409,"column":0}},"409":{"start":{"line":410,"column":0},"end":{"line":410,"column":39}},"410":{"start":{"line":411,"column":0},"end":{"line":411,"column":54}},"411":{"start":{"line":412,"column":0},"end":{"line":412,"column":33}},"412":{"start":{"line":413,"column":0},"end":{"line":413,"column":0}},"413":{"start":{"line":414,"column":0},"end":{"line":414,"column":42}},"414":{"start":{"line":415,"column":0},"end":{"line":415,"column":29}},"415":{"start":{"line":416,"column":0},"end":{"line":416,"column":39}},"416":{"start":{"line":417,"column":0},"end":{"line":417,"column":5}},"417":{"start":{"line":418,"column":0},"end":{"line":418,"column":0}},"418":{"start":{"line":419,"column":0},"end":{"line":419,"column":37}},"419":{"start":{"line":420,"column":0},"end":{"line":420,"column":35}},"420":{"start":{"line":421,"column":0},"end":{"line":421,"column":0}},"421":{"start":{"line":422,"column":0},"end":{"line":422,"column":68}},"422":{"start":{"line":423,"column":0},"end":{"line":423,"column":77}},"423":{"start":{"line":424,"column":0},"end":{"line":424,"column":43}},"424":{"start":{"line":425,"column":0},"end":{"line":425,"column":7}},"425":{"start":{"line":426,"column":0},"end":{"line":426,"column":0}},"426":{"start":{"line":427,"column":0},"end":{"line":427,"column":79}},"427":{"start":{"line":428,"column":0},"end":{"line":428,"column":41}},"428":{"start":{"line":429,"column":0},"end":{"line":429,"column":45}},"429":{"start":{"line":430,"column":0},"end":{"line":430,"column":24}},"430":{"start":{"line":431,"column":0},"end":{"line":431,"column":34}},"431":{"start":{"line":432,"column":0},"end":{"line":432,"column":74}},"432":{"start":{"line":433,"column":0},"end":{"line":433,"column":31}},"433":{"start":{"line":434,"column":0},"end":{"line":434,"column":100}},"434":{"start":{"line":435,"column":0},"end":{"line":435,"column":83}},"435":{"start":{"line":436,"column":0},"end":{"line":436,"column":68}},"436":{"start":{"line":437,"column":0},"end":{"line":437,"column":66}},"437":{"start":{"line":438,"column":0},"end":{"line":438,"column":35}},"438":{"start":{"line":439,"column":0},"end":{"line":439,"column":11}},"439":{"start":{"line":440,"column":0},"end":{"line":440,"column":0}},"440":{"start":{"line":441,"column":0},"end":{"line":441,"column":31}},"441":{"start":{"line":442,"column":0},"end":{"line":442,"column":0}},"442":{"start":{"line":443,"column":0},"end":{"line":443,"column":27}},"443":{"start":{"line":444,"column":0},"end":{"line":444,"column":34}},"444":{"start":{"line":445,"column":0},"end":{"line":445,"column":69}},"445":{"start":{"line":446,"column":0},"end":{"line":446,"column":34}},"446":{"start":{"line":447,"column":0},"end":{"line":447,"column":29}},"447":{"start":{"line":448,"column":0},"end":{"line":448,"column":11}},"448":{"start":{"line":449,"column":0},"end":{"line":449,"column":0}},"449":{"start":{"line":450,"column":0},"end":{"line":450,"column":19}},"450":{"start":{"line":451,"column":0},"end":{"line":451,"column":24}},"451":{"start":{"line":452,"column":0},"end":{"line":452,"column":77}},"452":{"start":{"line":453,"column":0},"end":{"line":453,"column":110}},"453":{"start":{"line":454,"column":0},"end":{"line":454,"column":26}},"454":{"start":{"line":455,"column":0},"end":{"line":455,"column":11}},"455":{"start":{"line":456,"column":0},"end":{"line":456,"column":0}},"456":{"start":{"line":457,"column":0},"end":{"line":457,"column":89}},"457":{"start":{"line":458,"column":0},"end":{"line":458,"column":48}},"458":{"start":{"line":459,"column":0},"end":{"line":459,"column":16}},"459":{"start":{"line":460,"column":0},"end":{"line":460,"column":23}},"460":{"start":{"line":461,"column":0},"end":{"line":461,"column":9}},"461":{"start":{"line":462,"column":0},"end":{"line":462,"column":7}},"462":{"start":{"line":463,"column":0},"end":{"line":463,"column":1}},"463":{"start":{"line":464,"column":0},"end":{"line":464,"column":0}},"464":{"start":{"line":465,"column":0},"end":{"line":465,"column":37}},"465":{"start":{"line":466,"column":0},"end":{"line":466,"column":27}},"466":{"start":{"line":467,"column":0},"end":{"line":467,"column":59}},"467":{"start":{"line":468,"column":0},"end":{"line":468,"column":48}},"468":{"start":{"line":469,"column":0},"end":{"line":469,"column":31}},"469":{"start":{"line":470,"column":0},"end":{"line":470,"column":65}},"470":{"start":{"line":471,"column":0},"end":{"line":471,"column":55}},"471":{"start":{"line":472,"column":0},"end":{"line":472,"column":27}},"472":{"start":{"line":473,"column":0},"end":{"line":473,"column":34}},"473":{"start":{"line":474,"column":0},"end":{"line":474,"column":50}},"474":{"start":{"line":475,"column":0},"end":{"line":475,"column":58}},"475":{"start":{"line":476,"column":0},"end":{"line":476,"column":34}},"476":{"start":{"line":477,"column":0},"end":{"line":477,"column":19}},"477":{"start":{"line":478,"column":0},"end":{"line":478,"column":23}},"478":{"start":{"line":479,"column":0},"end":{"line":479,"column":13}},"479":{"start":{"line":480,"column":0},"end":{"line":480,"column":71}},"480":{"start":{"line":481,"column":0},"end":{"line":481,"column":37}},"481":{"start":{"line":482,"column":0},"end":{"line":482,"column":66}},"482":{"start":{"line":483,"column":0},"end":{"line":483,"column":78}},"483":{"start":{"line":484,"column":0},"end":{"line":484,"column":11}},"484":{"start":{"line":485,"column":0},"end":{"line":485,"column":5}},"485":{"start":{"line":486,"column":0},"end":{"line":486,"column":0}},"486":{"start":{"line":487,"column":0},"end":{"line":487,"column":28}},"487":{"start":{"line":488,"column":0},"end":{"line":488,"column":30}},"488":{"start":{"line":489,"column":0},"end":{"line":489,"column":73}},"489":{"start":{"line":490,"column":0},"end":{"line":490,"column":63}},"490":{"start":{"line":491,"column":0},"end":{"line":491,"column":63}},"491":{"start":{"line":492,"column":0},"end":{"line":492,"column":63}},"492":{"start":{"line":493,"column":0},"end":{"line":493,"column":64}},"493":{"start":{"line":494,"column":0},"end":{"line":494,"column":59}},"494":{"start":{"line":495,"column":0},"end":{"line":495,"column":59}},"495":{"start":{"line":496,"column":0},"end":{"line":496,"column":41}},"496":{"start":{"line":497,"column":0},"end":{"line":497,"column":0}},"497":{"start":{"line":498,"column":0},"end":{"line":498,"column":33}},"498":{"start":{"line":499,"column":0},"end":{"line":499,"column":49}},"499":{"start":{"line":500,"column":0},"end":{"line":500,"column":48}},"500":{"start":{"line":501,"column":0},"end":{"line":501,"column":46}},"501":{"start":{"line":502,"column":0},"end":{"line":502,"column":49}},"502":{"start":{"line":503,"column":0},"end":{"line":503,"column":84}},"503":{"start":{"line":504,"column":0},"end":{"line":504,"column":87}},"504":{"start":{"line":505,"column":0},"end":{"line":505,"column":15}},"505":{"start":{"line":506,"column":0},"end":{"line":506,"column":11}},"506":{"start":{"line":507,"column":0},"end":{"line":507,"column":0}},"507":{"start":{"line":508,"column":0},"end":{"line":508,"column":83}},"508":{"start":{"line":509,"column":0},"end":{"line":509,"column":42}},"509":{"start":{"line":510,"column":0},"end":{"line":510,"column":45}},"510":{"start":{"line":511,"column":0},"end":{"line":511,"column":80}},"511":{"start":{"line":512,"column":0},"end":{"line":512,"column":83}},"512":{"start":{"line":513,"column":0},"end":{"line":513,"column":11}},"513":{"start":{"line":514,"column":0},"end":{"line":514,"column":0}},"514":{"start":{"line":515,"column":0},"end":{"line":515,"column":24}},"515":{"start":{"line":516,"column":0},"end":{"line":516,"column":84}},"516":{"start":{"line":517,"column":0},"end":{"line":517,"column":42}},"517":{"start":{"line":518,"column":0},"end":{"line":518,"column":45}},"518":{"start":{"line":519,"column":0},"end":{"line":519,"column":80}},"519":{"start":{"line":520,"column":0},"end":{"line":520,"column":83}},"520":{"start":{"line":521,"column":0},"end":{"line":521,"column":11}},"521":{"start":{"line":522,"column":0},"end":{"line":522,"column":0}},"522":{"start":{"line":523,"column":0},"end":{"line":523,"column":84}},"523":{"start":{"line":524,"column":0},"end":{"line":524,"column":42}},"524":{"start":{"line":525,"column":0},"end":{"line":525,"column":45}},"525":{"start":{"line":526,"column":0},"end":{"line":526,"column":80}},"526":{"start":{"line":527,"column":0},"end":{"line":527,"column":83}},"527":{"start":{"line":528,"column":0},"end":{"line":528,"column":11}},"528":{"start":{"line":529,"column":0},"end":{"line":529,"column":0}},"529":{"start":{"line":530,"column":0},"end":{"line":530,"column":86}},"530":{"start":{"line":531,"column":0},"end":{"line":531,"column":78}},"531":{"start":{"line":532,"column":0},"end":{"line":532,"column":82}},"532":{"start":{"line":533,"column":0},"end":{"line":533,"column":0}},"533":{"start":{"line":534,"column":0},"end":{"line":534,"column":31}},"534":{"start":{"line":535,"column":0},"end":{"line":535,"column":35}},"535":{"start":{"line":536,"column":0},"end":{"line":536,"column":70}},"536":{"start":{"line":537,"column":0},"end":{"line":537,"column":38}},"537":{"start":{"line":538,"column":0},"end":{"line":538,"column":80}},"538":{"start":{"line":539,"column":0},"end":{"line":539,"column":27}},"539":{"start":{"line":540,"column":0},"end":{"line":540,"column":15}},"540":{"start":{"line":541,"column":0},"end":{"line":541,"column":0}},"541":{"start":{"line":542,"column":0},"end":{"line":542,"column":23}},"542":{"start":{"line":543,"column":0},"end":{"line":543,"column":37}},"543":{"start":{"line":544,"column":0},"end":{"line":544,"column":91}},"544":{"start":{"line":545,"column":0},"end":{"line":545,"column":116}},"545":{"start":{"line":546,"column":0},"end":{"line":546,"column":32}},"546":{"start":{"line":547,"column":0},"end":{"line":547,"column":15}},"547":{"start":{"line":548,"column":0},"end":{"line":548,"column":48}},"548":{"start":{"line":549,"column":0},"end":{"line":549,"column":11}},"549":{"start":{"line":550,"column":0},"end":{"line":550,"column":5}},"550":{"start":{"line":551,"column":0},"end":{"line":551,"column":0}},"551":{"start":{"line":552,"column":0},"end":{"line":552,"column":30}},"552":{"start":{"line":553,"column":0},"end":{"line":553,"column":82}},"553":{"start":{"line":554,"column":0},"end":{"line":554,"column":46}},"554":{"start":{"line":555,"column":0},"end":{"line":555,"column":23}},"555":{"start":{"line":556,"column":0},"end":{"line":556,"column":11}},"556":{"start":{"line":557,"column":0},"end":{"line":557,"column":0}},"557":{"start":{"line":558,"column":0},"end":{"line":558,"column":84}},"558":{"start":{"line":559,"column":0},"end":{"line":559,"column":66}},"559":{"start":{"line":560,"column":0},"end":{"line":560,"column":11}},"560":{"start":{"line":561,"column":0},"end":{"line":561,"column":0}},"561":{"start":{"line":562,"column":0},"end":{"line":562,"column":89}},"562":{"start":{"line":563,"column":0},"end":{"line":563,"column":62}},"563":{"start":{"line":564,"column":0},"end":{"line":564,"column":62}},"564":{"start":{"line":565,"column":0},"end":{"line":565,"column":23}},"565":{"start":{"line":566,"column":0},"end":{"line":566,"column":11}},"566":{"start":{"line":567,"column":0},"end":{"line":567,"column":0}},"567":{"start":{"line":568,"column":0},"end":{"line":568,"column":79}},"568":{"start":{"line":569,"column":0},"end":{"line":569,"column":36}},"569":{"start":{"line":570,"column":0},"end":{"line":570,"column":27}},"570":{"start":{"line":571,"column":0},"end":{"line":571,"column":44}},"571":{"start":{"line":572,"column":0},"end":{"line":572,"column":11}},"572":{"start":{"line":573,"column":0},"end":{"line":573,"column":5}},"573":{"start":{"line":574,"column":0},"end":{"line":574,"column":0}},"574":{"start":{"line":575,"column":0},"end":{"line":575,"column":27}},"575":{"start":{"line":576,"column":0},"end":{"line":576,"column":82}},"576":{"start":{"line":577,"column":0},"end":{"line":577,"column":36}},"577":{"start":{"line":578,"column":0},"end":{"line":578,"column":27}},"578":{"start":{"line":579,"column":0},"end":{"line":579,"column":44}},"579":{"start":{"line":580,"column":0},"end":{"line":580,"column":11}},"580":{"start":{"line":581,"column":0},"end":{"line":581,"column":0}},"581":{"start":{"line":582,"column":0},"end":{"line":582,"column":80}},"582":{"start":{"line":583,"column":0},"end":{"line":583,"column":23}},"583":{"start":{"line":584,"column":0},"end":{"line":584,"column":39}},"584":{"start":{"line":585,"column":0},"end":{"line":585,"column":46}},"585":{"start":{"line":586,"column":0},"end":{"line":586,"column":72}},"586":{"start":{"line":587,"column":0},"end":{"line":587,"column":29}},"587":{"start":{"line":588,"column":0},"end":{"line":588,"column":15}},"588":{"start":{"line":589,"column":0},"end":{"line":589,"column":30}},"589":{"start":{"line":590,"column":0},"end":{"line":590,"column":27}},"590":{"start":{"line":591,"column":0},"end":{"line":591,"column":41}},"591":{"start":{"line":592,"column":0},"end":{"line":592,"column":45}},"592":{"start":{"line":593,"column":0},"end":{"line":593,"column":58}},"593":{"start":{"line":594,"column":0},"end":{"line":594,"column":36}},"594":{"start":{"line":595,"column":0},"end":{"line":595,"column":19}},"595":{"start":{"line":596,"column":0},"end":{"line":596,"column":21}},"596":{"start":{"line":597,"column":0},"end":{"line":597,"column":11}},"597":{"start":{"line":598,"column":0},"end":{"line":598,"column":5}},"598":{"start":{"line":599,"column":0},"end":{"line":599,"column":1}},"599":{"start":{"line":600,"column":0},"end":{"line":600,"column":0}},"600":{"start":{"line":601,"column":0},"end":{"line":601,"column":48}},"601":{"start":{"line":602,"column":0},"end":{"line":602,"column":42}},"602":{"start":{"line":603,"column":0},"end":{"line":603,"column":0}},"603":{"start":{"line":604,"column":0},"end":{"line":604,"column":8}},"604":{"start":{"line":605,"column":0},"end":{"line":605,"column":14}},"605":{"start":{"line":606,"column":0},"end":{"line":606,"column":15}},"606":{"start":{"line":607,"column":0},"end":{"line":607,"column":14}},"607":{"start":{"line":608,"column":0},"end":{"line":608,"column":16}},"608":{"start":{"line":609,"column":0},"end":{"line":609,"column":15}},"609":{"start":{"line":610,"column":0},"end":{"line":610,"column":25}},"610":{"start":{"line":611,"column":0},"end":{"line":611,"column":14}},"611":{"start":{"line":612,"column":0},"end":{"line":612,"column":23}},"612":{"start":{"line":613,"column":0},"end":{"line":613,"column":12}},"613":{"start":{"line":614,"column":0},"end":{"line":614,"column":13}},"614":{"start":{"line":615,"column":0},"end":{"line":615,"column":24}},"615":{"start":{"line":616,"column":0},"end":{"line":616,"column":2}}},"s":{"0":1,"1":1,"2":1,"3":1,"4":1,"5":1,"6":1,"7":1,"8":1,"9":1,"10":1,"11":1,"12":1,"13":1,"14":1,"15":1,"16":1,"17":1,"18":2,"19":2,"20":2,"21":0,"22":0,"23":0,"24":0,"25":2,"26":2,"27":2,"28":2,"29":2,"30":2,"31":2,"32":2,"33":1,"34":1,"35":1,"36":1,"37":1,"38":1,"39":1,"40":2,"41":2,"42":2,"43":2,"44":3,"45":3,"46":3,"47":3,"48":1,"49":3,"50":3,"51":3,"52":2,"53":2,"54":2,"55":2,"56":2,"57":3,"58":3,"59":2,"60":2,"61":2,"62":2,"63":1,"64":2,"65":2,"66":2,"67":1,"68":1,"69":1,"70":0,"71":0,"72":0,"73":0,"74":1,"75":1,"76":1,"77":1,"78":1,"79":1,"80":1,"81":1,"82":1,"83":1,"84":1,"85":1,"86":0,"87":0,"88":0,"89":0,"90":0,"91":0,"92":0,"93":0,"94":0,"95":0,"96":0,"97":0,"98":1,"99":1,"100":1,"101":1,"102":1,"103":1,"104":1,"105":1,"106":1,"107":1,"108":1,"109":1,"110":1,"111":1,"112":1,"113":1,"114":1,"115":1,"116":4,"117":4,"118":4,"119":4,"120":4,"121":4,"122":4,"123":4,"124":4,"125":1,"126":0,"127":0,"128":0,"129":0,"130":0,"131":0,"132":0,"133":0,"134":0,"135":0,"136":0,"137":0,"138":0,"139":0,"140":0,"141":0,"142":0,"143":0,"144":0,"145":0,"146":0,"147":0,"148":0,"149":0,"150":0,"151":0,"152":0,"153":0,"154":0,"155":0,"156":0,"157":0,"158":0,"159":0,"160":0,"161":0,"162":0,"163":0,"164":0,"165":0,"166":0,"167":0,"168":0,"169":0,"170":0,"171":0,"172":1,"173":1,"174":1,"175":1,"176":0,"177":0,"178":0,"179":0,"180":0,"181":0,"182":0,"183":0,"184":0,"185":0,"186":0,"187":0,"188":0,"189":0,"190":0,"191":0,"192":0,"193":0,"194":0,"195":0,"196":0,"197":0,"198":0,"199":0,"200":0,"201":0,"202":0,"203":0,"204":0,"205":0,"206":0,"207":0,"208":0,"209":0,"210":0,"211":0,"212":0,"213":0,"214":0,"215":0,"216":0,"217":0,"218":0,"219":0,"220":0,"221":0,"222":0,"223":0,"224":0,"225":0,"226":0,"227":0,"228":0,"229":0,"230":0,"231":0,"232":0,"233":0,"234":0,"235":0,"236":0,"237":1,"238":1,"239":1,"240":1,"241":1,"242":1,"243":1,"244":1,"245":0,"246":0,"247":0,"248":0,"249":0,"250":0,"251":0,"252":0,"253":0,"254":0,"255":0,"256":0,"257":0,"258":0,"259":0,"260":0,"261":0,"262":0,"263":0,"264":0,"265":0,"266":0,"267":0,"268":0,"269":0,"270":0,"271":0,"272":0,"273":0,"274":0,"275":0,"276":0,"277":0,"278":0,"279":0,"280":0,"281":0,"282":0,"283":0,"284":0,"285":0,"286":0,"287":0,"288":0,"289":0,"290":0,"291":0,"292":0,"293":0,"294":0,"295":0,"296":0,"297":0,"298":0,"299":0,"300":0,"301":0,"302":0,"303":0,"304":0,"305":0,"306":0,"307":0,"308":0,"309":0,"310":0,"311":0,"312":0,"313":0,"314":0,"315":0,"316":0,"317":0,"318":0,"319":0,"320":0,"321":0,"322":0,"323":0,"324":0,"325":0,"326":0,"327":0,"328":0,"329":0,"330":0,"331":0,"332":1,"333":1,"334":1,"335":1,"336":0,"337":0,"338":0,"339":1,"340":1,"341":0,"342":0,"343":0,"344":0,"345":0,"346":0,"347":0,"348":0,"349":0,"350":0,"351":0,"352":0,"353":1,"354":1,"355":0,"356":0,"357":0,"358":0,"359":0,"360":0,"361":0,"362":0,"363":0,"364":0,"365":0,"366":0,"367":0,"368":1,"369":1,"370":0,"371":0,"372":0,"373":0,"374":0,"375":0,"376":0,"377":0,"378":0,"379":0,"380":0,"381":0,"382":1,"383":124,"384":124,"385":124,"386":124,"387":124,"388":124,"389":31,"390":31,"391":31,"392":93,"393":124,"394":31,"395":31,"396":31,"397":62,"398":62,"399":124,"400":0,"401":0,"402":0,"403":0,"404":0,"405":0,"406":0,"407":0,"408":62,"409":62,"410":124,"411":124,"412":124,"413":124,"414":124,"415":0,"416":0,"417":62,"418":62,"419":62,"420":62,"421":62,"422":124,"423":0,"424":124,"425":124,"426":124,"427":0,"428":0,"429":0,"430":0,"431":0,"432":0,"433":0,"434":0,"435":0,"436":0,"437":0,"438":0,"439":0,"440":0,"441":0,"442":0,"443":0,"444":0,"445":0,"446":0,"447":0,"448":0,"449":0,"450":0,"451":0,"452":0,"453":0,"454":0,"455":0,"456":0,"457":0,"458":0,"459":0,"460":0,"461":124,"462":124,"463":1,"464":63,"465":63,"466":63,"467":63,"468":1,"469":1,"470":1,"471":0,"472":0,"473":0,"474":0,"475":0,"476":0,"477":0,"478":0,"479":1,"480":1,"481":1,"482":1,"483":63,"484":63,"485":63,"486":63,"487":0,"488":0,"489":0,"490":0,"491":0,"492":0,"493":0,"494":0,"495":0,"496":0,"497":0,"498":0,"499":0,"500":0,"501":0,"502":0,"503":0,"504":0,"505":0,"506":0,"507":0,"508":0,"509":0,"510":0,"511":0,"512":0,"513":0,"514":0,"515":0,"516":0,"517":0,"518":0,"519":0,"520":0,"521":0,"522":0,"523":0,"524":0,"525":0,"526":0,"527":0,"528":0,"529":0,"530":0,"531":0,"532":0,"533":0,"534":0,"535":0,"536":0,"537":0,"538":0,"539":0,"540":0,"541":0,"542":0,"543":0,"544":0,"545":0,"546":0,"547":0,"548":0,"549":0,"550":63,"551":63,"552":0,"553":0,"554":0,"555":0,"556":0,"557":0,"558":0,"559":0,"560":0,"561":0,"562":0,"563":0,"564":0,"565":0,"566":0,"567":0,"568":0,"569":0,"570":0,"571":0,"572":0,"573":63,"574":63,"575":0,"576":0,"577":0,"578":0,"579":0,"580":0,"581":0,"582":0,"583":0,"584":0,"585":0,"586":0,"587":0,"588":0,"589":0,"590":0,"591":0,"592":0,"593":0,"594":0,"595":0,"596":0,"597":0,"598":63,"599":1,"600":1,"601":1,"602":1,"603":1,"604":1,"605":1,"606":1,"607":1,"608":1,"609":1,"610":1,"611":1,"612":1,"613":1,"614":1,"615":1},"branchMap":{"0":{"type":"branch","line":19,"loc":{"start":{"line":19,"column":0},"end":{"line":63,"column":1}},"locations":[{"start":{"line":19,"column":0},"end":{"line":63,"column":1}}]},"1":{"type":"branch","line":21,"loc":{"start":{"line":21,"column":14},"end":{"line":26,"column":5}},"locations":[{"start":{"line":21,"column":14},"end":{"line":26,"column":5}}]},"2":{"type":"branch","line":30,"loc":{"start":{"line":30,"column":35},"end":{"line":30,"column":40}},"locations":[{"start":{"line":30,"column":35},"end":{"line":30,"column":40}}]},"3":{"type":"branch","line":31,"loc":{"start":{"line":31,"column":35},"end":{"line":31,"column":40}},"locations":[{"start":{"line":31,"column":35},"end":{"line":31,"column":40}}]},"4":{"type":"branch","line":33,"loc":{"start":{"line":33,"column":19},"end":{"line":40,"column":5}},"locations":[{"start":{"line":33,"column":19},"end":{"line":40,"column":5}}]},"5":{"type":"branch","line":35,"loc":{"start":{"line":35,"column":44},"end":{"line":35,"column":49}},"locations":[{"start":{"line":35,"column":44},"end":{"line":35,"column":49}}]},"6":{"type":"branch","line":36,"loc":{"start":{"line":36,"column":50},"end":{"line":36,"column":55}},"locations":[{"start":{"line":36,"column":50},"end":{"line":36,"column":55}}]},"7":{"type":"branch","line":44,"loc":{"start":{"line":44,"column":13},"end":{"line":44,"column":18}},"locations":[{"start":{"line":44,"column":13},"end":{"line":44,"column":18}}]},"8":{"type":"branch","line":37,"loc":{"start":{"line":37,"column":19},"end":{"line":37,"column":43}},"locations":[{"start":{"line":37,"column":19},"end":{"line":37,"column":43}}]},"9":{"type":"branch","line":44,"loc":{"start":{"line":44,"column":28},"end":{"line":60,"column":5}},"locations":[{"start":{"line":44,"column":28},"end":{"line":60,"column":5}}]},"10":{"type":"branch","line":47,"loc":{"start":{"line":47,"column":12},"end":{"line":47,"column":180}},"locations":[{"start":{"line":47,"column":12},"end":{"line":47,"column":180}}]},"11":{"type":"branch","line":48,"loc":{"start":{"line":48,"column":12},"end":{"line":50,"column":144}},"locations":[{"start":{"line":48,"column":12},"end":{"line":50,"column":144}}]},"12":{"type":"branch","line":49,"loc":{"start":{"line":49,"column":12},"end":{"line":49,"column":160}},"locations":[{"start":{"line":49,"column":12},"end":{"line":49,"column":160}}]},"13":{"type":"branch","line":52,"loc":{"start":{"line":52,"column":38},"end":{"line":58,"column":9}},"locations":[{"start":{"line":52,"column":38},"end":{"line":58,"column":9}}]},"14":{"type":"branch","line":55,"loc":{"start":{"line":55,"column":51},"end":{"line":55,"column":69}},"locations":[{"start":{"line":55,"column":51},"end":{"line":55,"column":69}}]},"15":{"type":"branch","line":55,"loc":{"start":{"line":55,"column":70},"end":{"line":55,"column":77}},"locations":[{"start":{"line":55,"column":70},"end":{"line":55,"column":77}}]},"16":{"type":"branch","line":65,"loc":{"start":{"line":65,"column":0},"end":{"line":67,"column":1}},"locations":[{"start":{"line":65,"column":0},"end":{"line":67,"column":1}}]},"17":{"type":"branch","line":77,"loc":{"start":{"line":77,"column":0},"end":{"line":85,"column":1}},"locations":[{"start":{"line":77,"column":0},"end":{"line":85,"column":1}}]},"18":{"type":"branch","line":78,"loc":{"start":{"line":78,"column":23},"end":{"line":84,"column":5}},"locations":[{"start":{"line":78,"column":23},"end":{"line":84,"column":5}}]},"19":{"type":"branch","line":100,"loc":{"start":{"line":100,"column":0},"end":{"line":113,"column":1}},"locations":[{"start":{"line":100,"column":0},"end":{"line":113,"column":1}}]},"20":{"type":"branch","line":101,"loc":{"start":{"line":101,"column":23},"end":{"line":112,"column":5}},"locations":[{"start":{"line":101,"column":23},"end":{"line":112,"column":5}}]},"21":{"type":"branch","line":106,"loc":{"start":{"line":106,"column":42},"end":{"line":106,"column":47}},"locations":[{"start":{"line":106,"column":42},"end":{"line":106,"column":47}}]},"22":{"type":"branch","line":117,"loc":{"start":{"line":117,"column":0},"end":{"line":125,"column":1}},"locations":[{"start":{"line":117,"column":0},"end":{"line":125,"column":1}}]},"23":{"type":"branch","line":384,"loc":{"start":{"line":384,"column":0},"end":{"line":463,"column":1}},"locations":[{"start":{"line":384,"column":0},"end":{"line":463,"column":1}}]},"24":{"type":"branch","line":385,"loc":{"start":{"line":385,"column":38},"end":{"line":385,"column":49}},"locations":[{"start":{"line":385,"column":38},"end":{"line":385,"column":49}}]},"25":{"type":"branch","line":389,"loc":{"start":{"line":389,"column":26},"end":{"line":389,"column":34}},"locations":[{"start":{"line":389,"column":26},"end":{"line":389,"column":34}}]},"26":{"type":"branch","line":389,"loc":{"start":{"line":389,"column":36},"end":{"line":392,"column":5}},"locations":[{"start":{"line":389,"column":36},"end":{"line":392,"column":5}}]},"27":{"type":"branch","line":393,"loc":{"start":{"line":393,"column":-2},"end":{"line":394,"column":33}},"locations":[{"start":{"line":393,"column":-2},"end":{"line":394,"column":33}}]},"28":{"type":"branch","line":394,"loc":{"start":{"line":394,"column":35},"end":{"line":397,"column":5}},"locations":[{"start":{"line":394,"column":35},"end":{"line":397,"column":5}}]},"29":{"type":"branch","line":395,"loc":{"start":{"line":395,"column":53},"end":{"line":395,"column":63}},"locations":[{"start":{"line":395,"column":53},"end":{"line":395,"column":63}}]},"30":{"type":"branch","line":398,"loc":{"start":{"line":398,"column":-2},"end":{"line":400,"column":26}},"locations":[{"start":{"line":398,"column":-2},"end":{"line":400,"column":26}}]},"31":{"type":"branch","line":400,"loc":{"start":{"line":400,"column":26},"end":{"line":400,"column":51}},"locations":[{"start":{"line":400,"column":26},"end":{"line":400,"column":51}}]},"32":{"type":"branch","line":400,"loc":{"start":{"line":400,"column":53},"end":{"line":408,"column":5}},"locations":[{"start":{"line":400,"column":53},"end":{"line":408,"column":5}}]},"33":{"type":"branch","line":409,"loc":{"start":{"line":409,"column":-2},"end":{"line":411,"column":35}},"locations":[{"start":{"line":409,"column":-2},"end":{"line":411,"column":35}}]},"34":{"type":"branch","line":411,"loc":{"start":{"line":411,"column":35},"end":{"line":411,"column":53}},"locations":[{"start":{"line":411,"column":35},"end":{"line":411,"column":53}}]},"35":{"type":"branch","line":415,"loc":{"start":{"line":415,"column":28},"end":{"line":417,"column":5}},"locations":[{"start":{"line":415,"column":28},"end":{"line":417,"column":5}}]},"36":{"type":"branch","line":418,"loc":{"start":{"line":418,"column":-2},"end":{"line":423,"column":60}},"locations":[{"start":{"line":418,"column":-2},"end":{"line":423,"column":60}}]},"37":{"type":"branch","line":427,"loc":{"start":{"line":427,"column":38},"end":{"line":427,"column":56}},"locations":[{"start":{"line":427,"column":38},"end":{"line":427,"column":56}}]},"38":{"type":"branch","line":465,"loc":{"start":{"line":465,"column":0},"end":{"line":599,"column":1}},"locations":[{"start":{"line":465,"column":0},"end":{"line":599,"column":1}}]},"39":{"type":"branch","line":487,"loc":{"start":{"line":487,"column":27},"end":{"line":550,"column":5}},"locations":[{"start":{"line":487,"column":27},"end":{"line":550,"column":5}}]},"40":{"type":"branch","line":552,"loc":{"start":{"line":552,"column":29},"end":{"line":573,"column":5}},"locations":[{"start":{"line":552,"column":29},"end":{"line":573,"column":5}}]},"41":{"type":"branch","line":575,"loc":{"start":{"line":575,"column":26},"end":{"line":598,"column":5}},"locations":[{"start":{"line":575,"column":26},"end":{"line":598,"column":5}}]},"42":{"type":"branch","line":468,"loc":{"start":{"line":468,"column":40},"end":{"line":484,"column":9}},"locations":[{"start":{"line":468,"column":40},"end":{"line":484,"column":9}}]},"43":{"type":"branch","line":471,"loc":{"start":{"line":471,"column":54},"end":{"line":479,"column":13}},"locations":[{"start":{"line":471,"column":54},"end":{"line":479,"column":13}}]},"44":{"type":"branch","line":480,"loc":{"start":{"line":480,"column":49},"end":{"line":480,"column":58}},"locations":[{"start":{"line":480,"column":49},"end":{"line":480,"column":58}}]},"45":{"type":"branch","line":483,"loc":{"start":{"line":483,"column":52},"end":{"line":483,"column":62}},"locations":[{"start":{"line":483,"column":52},"end":{"line":483,"column":62}}]}},"b":{"0":[2],"1":[0],"2":[0],"3":[0],"4":[1],"5":[0],"6":[0],"7":[0],"8":[1],"9":[3],"10":[2],"11":[1],"12":[0],"13":[2],"14":[1],"15":[1],"16":[2],"17":[1],"18":[1],"19":[1],"20":[1],"21":[0],"22":[4],"23":[124],"24":[0],"25":[31],"26":[31],"27":[93],"28":[31],"29":[0],"30":[62],"31":[0],"32":[0],"33":[62],"34":[0],"35":[0],"36":[62],"37":[0],"38":[63],"39":[0],"40":[0],"41":[0],"42":[1],"43":[0],"44":[0],"45":[0]},"fnMap":{"0":{"name":"openModal","decl":{"start":{"line":19,"column":0},"end":{"line":63,"column":1}},"loc":{"start":{"line":19,"column":0},"end":{"line":63,"column":1}},"line":19},"1":{"name":"closeModal","decl":{"start":{"line":65,"column":0},"end":{"line":67,"column":1}},"loc":{"start":{"line":65,"column":0},"end":{"line":67,"column":1}},"line":65},"2":{"name":"showAlert","decl":{"start":{"line":77,"column":0},"end":{"line":85,"column":1}},"loc":{"start":{"line":77,"column":0},"end":{"line":85,"column":1}},"line":77},"3":{"name":"showConfirm","decl":{"start":{"line":87,"column":0},"end":{"line":98,"column":1}},"loc":{"start":{"line":87,"column":0},"end":{"line":98,"column":1}},"line":87},"4":{"name":"showPrompt","decl":{"start":{"line":100,"column":0},"end":{"line":113,"column":1}},"loc":{"start":{"line":100,"column":0},"end":{"line":113,"column":1}},"line":100},"5":{"name":"ensureToastContainer","decl":{"start":{"line":117,"column":0},"end":{"line":125,"column":1}},"loc":{"start":{"line":117,"column":0},"end":{"line":125,"column":1}},"line":117},"6":{"name":"showToast","decl":{"start":{"line":127,"column":0},"end":{"line":172,"column":1}},"loc":{"start":{"line":127,"column":0},"end":{"line":172,"column":1}},"line":127},"7":{"name":"checkNotifications","decl":{"start":{"line":177,"column":0},"end":{"line":237,"column":1}},"loc":{"start":{"line":177,"column":0},"end":{"line":237,"column":1}},"line":177},"8":{"name":"initMap","decl":{"start":{"line":246,"column":0},"end":{"line":332,"column":1}},"loc":{"start":{"line":246,"column":0},"end":{"line":332,"column":1}},"line":246},"9":{"name":"window.setLang","decl":{"start":{"line":336,"column":17},"end":{"line":339,"column":2}},"loc":{"start":{"line":336,"column":17},"end":{"line":339,"column":2}},"line":336},"10":{"name":"window.updateStatus","decl":{"start":{"line":341,"column":22},"end":{"line":353,"column":2}},"loc":{"start":{"line":341,"column":22},"end":{"line":353,"column":2}},"line":341},"11":{"name":"window.deleteIncident","decl":{"start":{"line":355,"column":24},"end":{"line":368,"column":2}},"loc":{"start":{"line":355,"column":24},"end":{"line":368,"column":2}},"line":355},"12":{"name":"window.validateIncident","decl":{"start":{"line":370,"column":26},"end":{"line":382,"column":2}},"loc":{"start":{"line":370,"column":26},"end":{"line":382,"column":2}},"line":370},"13":{"name":"navigate","decl":{"start":{"line":384,"column":0},"end":{"line":463,"column":1}},"loc":{"start":{"line":384,"column":0},"end":{"line":463,"column":1}},"line":384},"14":{"name":"attachEventListeners","decl":{"start":{"line":465,"column":0},"end":{"line":599,"column":1}},"loc":{"start":{"line":465,"column":0},"end":{"line":599,"column":1}},"line":465}},"f":{"0":2,"1":2,"2":1,"3":0,"4":1,"5":4,"6":0,"7":0,"8":0,"9":0,"10":0,"11":0,"12":0,"13":124,"14":63}}
[...]
umn":12},"end":{"line":600,"column":5}},"locations":[{"start":{"line":501,"column":12},"end":{"line":600,"column":5}}]},"67":{"type":"branch","line":601,"loc":{"start":{"line":601,"column":9},"end":{"line":637,"column":5}},"locations":[{"start":{"line":601,"column":9},"end":{"line":637,"column":5}}]},"68":{"type":"branch","line":612,"loc":{"start":{"line":612,"column":36},"end":{"line":630,"column":25}},"locations":[{"start":{"line":612,"column":36},"end":{"line":630,"column":25}}]},"69":{"type":"branch","line":613,"loc":{"start":{"line":613,"column":129},"end":{"line":613,"column":145}},"locations":[{"start":{"line":613,"column":129},"end":{"line":613,"column":145}}]},"70":{"type":"branch","line":613,"loc":{"start":{"line":613,"column":146},"end":{"line":613,"column":222}},"locations":[{"start":{"line":613,"column":146},"end":{"line":613,"column":222}}]},"71":{"type":"branch","line":613,"loc":{"start":{"line":613,"column":165},"end":{"line":613,"column":184}},"locations":[{"start":{"line":613,"column":165},"end":{"line":613,"column":184}}]},"72":{"type":"branch","line":613,"loc":{"start":{"line":613,"column":185},"end":{"line":613,"column":222}},"locations":[{"start":{"line":613,"column":185},"end":{"line":613,"column":222}}]},"73":{"type":"branch","line":617,"loc":{"start":{"line":617,"column":116},"end":{"line":617,"column":127}},"locations":[{"start":{"line":617,"column":116},"end":{"line":617,"column":127}}]},"74":{"type":"branch","line":617,"loc":{"start":{"line":617,"column":128},"end":{"line":617,"column":145}},"locations":[{"start":{"line":617,"column":128},"end":{"line":617,"column":145}}]},"75":{"type":"branch","line":625,"loc":{"start":{"line":625,"column":110},"end":{"line":625,"column":124}},"locations":[{"start":{"line":625,"column":110},"end":{"line":625,"column":124}}]},"76":{"type":"branch","line":625,"loc":{"start":{"line":625,"column":125},"end":{"line":625,"column":197}},"locations":[{"start":{"line":625,"column":125},"end":{"line":625,"column":197}}]},"77":{"type":"branch","line":625,"loc":{"start":{"line":625,"column":144},"end":{"line":625,"column":161}},"locations":[{"start":{"line":625,"column":144},"end":{"line":625,"column":161}}]},"78":{"type":"branch","line":625,"loc":{"start":{"line":625,"column":162},"end":{"line":625,"column":197}},"locations":[{"start":{"line":625,"column":162},"end":{"line":625,"column":197}}]},"79":{"type":"branch","line":638,"loc":{"start":{"line":638,"column":8},"end":{"line":789,"column":5}},"locations":[{"start":{"line":638,"column":8},"end":{"line":789,"column":5}}]},"80":{"type":"branch","line":648,"loc":{"start":{"line":648,"column":12},"end":{"line":648,"column":15}},"locations":[{"start":{"line":648,"column":12},"end":{"line":648,"column":15}}]},"81":{"type":"branch","line":654,"loc":{"start":{"line":654,"column":79},"end":{"line":654,"column":82}},"locations":[{"start":{"line":654,"column":79},"end":{"line":654,"column":82}}]},"82":{"type":"branch","line":655,"loc":{"start":{"line":655,"column":80},"end":{"line":655,"column":83}},"locations":[{"start":{"line":655,"column":80},"end":{"line":655,"column":83}}]},"83":{"type":"branch","line":658,"loc":{"start":{"line":658,"column":37},"end":{"line":658,"column":47}},"locations":[{"start":{"line":658,"column":37},"end":{"line":658,"column":47}}]},"84":{"type":"branch","line":658,"loc":{"start":{"line":658,"column":60},"end":{"line":658,"column":70}},"locations":[{"start":{"line":658,"column":60},"end":{"line":658,"column":70}}]},"85":{"type":"branch","line":658,"loc":{"start":{"line":658,"column":83},"end":{"line":658,"column":93}},"locations":[{"start":{"line":658,"column":83},"end":{"line":658,"column":93}}]},"86":{"type":"branch","line":659,"loc":{"start":{"line":659,"column":39},"end":{"line":659,"column":50}},"locations":[{"start":{"line":659,"column":39},"end":{"line":659,"column":50}}]},"87":{"type":"branch","line":659,"loc":{"start":{"line":659,"column":63},"end":{"line":659,"column":102}},"locations":[{"start":{"line":659,"column":63},"end":{"line":659,"column":102}}]},"88":{"type":"branch","line":660,"loc":{"start":{"line":660,"column":39},"end":{"line":660,"column":50}},"locations":[{"start":{"line":660,"column":39},"end":{"line":660,"column":50}}]},"89":{"type":"branch","line":660,"loc":{"start":{"line":660,"column":66},"end":{"line":660,"column":132}},"locations":[{"start":{"line":660,"column":66},"end":{"line":660,"column":132}}]},"90":{"type":"branch","line":661,"loc":{"start":{"line":661,"column":39},"end":{"line":661,"column":50}},"locations":[{"start":{"line":661,"column":39},"end":{"line":661,"column":50}}]},"91":{"type":"branch","line":661,"loc":{"start":{"line":661,"column":73},"end":{"line":661,"column":132}},"locations":[{"start":{"line":661,"column":73},"end":{"line":661,"column":132}}]},"92":{"type":"branch","line":672,"loc":{"start":{"line":672,"column":32},"end":{"line":679,"column":23}},"locations":[{"start":{"line":672,"column":32},"end":{"line":679,"column":23}}]},"93":{"type":"branch","line":641,"loc":{"start":{"line":641,"column":42},"end":{"line":641,"column":63}},"locations":[{"start":{"line":641,"column":42},"end":{"line":641,"column":63}}]},"94":{"type":"branch","line":643,"loc":{"start":{"line":643,"column":44},"end":{"line":643,"column":79}},"locations":[{"start":{"line":643,"column":44},"end":{"line":643,"column":79}}]},"95":{"type":"branch","line":651,"loc":{"start":{"line":651,"column":43},"end":{"line":651,"column":81}},"locations":[{"start":{"line":651,"column":43},"end":{"line":651,"column":81}}]},"96":{"type":"branch","line":652,"loc":{"start":{"line":652,"column":43},"end":{"line":652,"column":82}},"locations":[{"start":{"line":652,"column":43},"end":{"line":652,"column":82}}]},"97":{"type":"branch","line":653,"loc":{"start":{"line":653,"column":43},"end":{"line":653,"column":80}},"locations":[{"start":{"line":653,"column":43},"end":{"line":653,"column":80}}]},"98":{"type":"branch","line":717,"loc":{"start":{"line":717,"column":37},"end":{"line":732,"column":25}},"locations":[{"start":{"line":717,"column":37},"end":{"line":732,"column":25}}]},"99":{"type":"branch","line":718,"loc":{"start":{"line":718,"column":60},"end":{"line":718,"column":71}},"locations":[{"start":{"line":718,"column":60},"end":{"line":718,"column":71}}]},"100":{"type":"branch","line":718,"loc":{"start":{"line":718,"column":72},"end":{"line":718,"column":114}},"locations":[{"start":{"line":718,"column":72},"end":{"line":718,"column":114}}]},"101":{"type":"branch","line":718,"loc":{"start":{"line":718,"column":91},"end":{"line":718,"column":102}},"locations":[{"start":{"line":718,"column":91},"end":{"line":718,"column":102}}]},"102":{"type":"branch","line":718,"loc":{"start":{"line":718,"column":103},"end":{"line":718,"column":114}},"locations":[{"start":{"line":718,"column":103},"end":{"line":718,"column":114}}]},"103":{"type":"branch","line":790,"loc":{"start":{"line":790,"column":14},"end":{"line":852,"column":5}},"locations":[{"start":{"line":790,"column":14},"end":{"line":852,"column":5}}]},"104":{"type":"branch","line":807,"loc":{"start":{"line":807,"column":95},"end":{"line":807,"column":106}},"locations":[{"start":{"line":807,"column":95},"end":{"line":807,"column":106}}]},"105":{"type":"branch","line":811,"loc":{"start":{"line":811,"column":78},"end":{"line":811,"column":90}},"locations":[{"start":{"line":811,"column":78},"end":{"line":811,"column":90}}]},"106":{"type":"branch","line":812,"loc":{"start":{"line":812,"column":91},"end":{"line":812,"column":95}},"locations":[{"start":{"line":812,"column":91},"end":{"line":812,"column":95}}]},"107":{"type":"branch","line":825,"loc":{"start":{"line":825,"column":83},"end":{"line":825,"column":95}},"locations":[{"start":{"line":825,"column":83},"end":{"line":825,"column":95}}]},"108":{"type":"branch","line":826,"loc":{"start":{"line":826,"column":96},"end":{"line":826,"column":100}},"locations":[{"start":{"line":826,"column":96},"end":{"line":826,"column":100}}]},"109":{"type":"branch","line":827,"loc":{"start":{"line":827,"column":77},"end":{"line":827,"column":89}},"locations":[{"start":{"line":827,"column":77},"end":{"line":827,"column":89}}]},"110":{"type":"branch","line":839,"loc":{"start":{"line":839,"column":160},"end":{"line":839,"column":177}},"locations":[{"start":{"line":839,"column":160},"end":{"line":839,"column":177}}]},"111":{"type":"branch","line":840,"loc":{"start":{"line":840,"column":163},"end":{"line":840,"column":167}},"locations":[{"start":{"line":840,"column":163},"end":{"line":840,"column":167}}]},"112":{"type":"branch","line":853,"loc":{"start":{"line":853,"column":11},"end":{"line":1044,"column":5}},"locations":[{"start":{"line":853,"column":11},"end":{"line":1044,"column":5}}]},"113":{"type":"branch","line":859,"loc":{"start":{"line":859,"column":37},"end":{"line":859,"column":69}},"locations":[{"start":{"line":859,"column":37},"end":{"line":859,"column":69}}]},"114":{"type":"branch","line":860,"loc":{"start":{"line":860,"column":34},"end":{"line":860,"column":57}},"locations":[{"start":{"line":860,"column":34},"end":{"line":860,"column":57}}]},"115":{"type":"branch","line":861,"loc":{"start":{"line":861,"column":39},"end":{"line":861,"column":67}},"locations":[{"start":{"line":861,"column":39},"end":{"line":861,"column":67}}]},"116":{"type":"branch","line":862,"loc":{"start":{"line":862,"column":42},"end":{"line":862,"column":81}},"locations":[{"start":{"line":862,"column":42},"end":{"line":862,"column":81}}]},"117":{"type":"branch","line":863,"loc":{"start":{"line":863,"column":38},"end":{"line":863,"column":75}},"locations":[{"start":{"line":863,"column":38},"end":{"line":863,"column":75}}]},"118":{"type":"branch","line":930,"loc":{"start":{"line":930,"column":32},"end":{"line":947,"column":21}},"locations":[{"start":{"line":930,"column":32},"end":{"line":947,"column":21}}]},"119":{"type":"branch","line":931,"loc":{"start":{"line":931,"column":138},"end":{"line":931,"column":154}},"locations":[{"start":{"line":931,"column":138},"end":{"line":931,"column":154}}]},"120":{"type":"branch","line":931,"loc":{"start":{"line":931,"column":155},"end":{"line":931,"column":231}},"locations":[{"start":{"line":931,"column":155},"end":{"line":931,"column":231}}]},"121":{"type":"branch","line":931,"loc":{"start":{"line":931,"column":174},"end":{"line":931,"column":193}},"locations":[{"start":{"line":931,"column":174},"end":{"line":931,"column":193}}]},"122":{"type":"branch","line":931,"loc":{"start":{"line":931,"column":194},"end":{"line":931,"column":231}},"locations":[{"start":{"line":931,"column":194},"end":{"line":931,"column":231}}]},"123":{"type":"branch","line":934,"loc":{"start":{"line":934,"column":98},"end":{"line":934,"column":126}},"locations":[{"start":{"line":934,"column":98},"end":{"line":934,"column":126}}]},"124":{"type":"branch","line":934,"loc":{"start":{"line":934,"column":127},"end":{"line":934,"column":143}},"locations":[{"start":{"line":934,"column":127},"end":{"line":934,"column":143}}]},"125":{"type":"branch","line":934,"loc":{"start":{"line":934,"column":165},"end":{"line":934,"column":176}},"locations":[{"start":{"line":934,"column":165},"end":{"line":934,"column":176}}]},"126":{"type":"branch","line":934,"loc":{"start":{"line":934,"column":177},"end":{"line":934,"column":185}},"locations":[{"start":{"line":934,"column":177},"end":{"line":934,"column":185}}]},"127":{"type":"branch","line":941,"loc":{"start":{"line":941,"column":105},"end":{"line":941,"column":131}},"locations":[{"start":{"line":941,"column":105},"end":{"line":941,"column":131}}]},"128":{"type":"branch","line":941,"loc":{"start":{"line":941,"column":132},"end":{"line":941,"column":200}},"locations":[{"start":{"line":941,"column":132},"end":{"line":941,"column":200}}]},"129":{"type":"branch","line":941,"loc":{"start":{"line":941,"column":232},"end":{"line":941,"column":244}},"locations":[{"start":{"line":941,"column":232},"end":{"line":941,"column":244}}]},"130":{"type":"branch","line":941,"loc":{"start":{"line":941,"column":245},"end":{"line":941,"column":255}},"locations":[{"start":{"line":941,"column":245},"end":{"line":941,"column":255}}]},"131":{"type":"branch","line":944,"loc":{"start":{"line":944,"column":99},"end":{"line":944,"column":111}},"locations":[{"start":{"line":944,"column":99},"end":{"line":944,"column":111}}]},"132":{"type":"branch","line":944,"loc":{"start":{"line":944,"column":112},"end":{"line":944,"column":145}},"locations":[{"start":{"line":944,"column":112},"end":{"line":944,"column":145}}]},"133":{"type":"branch","line":959,"loc":{"start":{"line":959,"column":60},"end":{"line":974,"column":33}},"locations":[{"start":{"line":959,"column":60},"end":{"line":974,"column":33}}]},"134":{"type":"branch","line":961,"loc":{"start":{"line":961,"column":142},"end":{"line":961,"column":167}},"locations":[{"start":{"line":961,"column":142},"end":{"line":961,"column":167}}]},"135":{"type":"branch","line":961,"loc":{"start":{"line":961,"column":168},"end":{"line":961,"column":199}},"locations":[{"start":{"line":961,"column":168},"end":{"line":961,"column":199}}]},"136":{"type":"branch","line":962,"loc":{"start":{"line":962,"column":120},"end":{"line":962,"column":132}},"locations":[{"start":{"line":962,"column":120},"end":{"line":962,"column":132}}]},"137":{"type":"branch","line":962,"loc":{"start":{"line":962,"column":133},"end":{"line":962,"column":157}},"locations":[{"start":{"line":962,"column":133},"end":{"line":962,"column":157}}]},"138":{"type":"branch","line":970,"loc":{"start":{"line":970,"column":110},"end":{"line":970,"column":145}},"locations":[{"start":{"line":970,"column":110},"end":{"line":970,"column":145}}]},"139":{"type":"branch","line":970,"loc":{"start":{"line":970,"column":146},"end":{"line":970,"column":160}},"locations":[{"start":{"line":970,"column":146},"end":{"line":970,"column":160}}]},"140":{"type":"branch","line":991,"loc":{"start":{"line":991,"column":55},"end":{"line":1038,"column":29}},"locations":[{"start":{"line":991,"column":55},"end":{"line":1038,"column":29}}]},"141":{"type":"branch","line":992,"loc":{"start":{"line":992,"column":166},"end":{"line":992,"column":197}},"locations":[{"start":{"line":992,"column":166},"end":{"line":992,"column":197}}]},"142":{"type":"branch","line":992,"loc":{"start":{"line":992,"column":225},"end":{"line":992,"column":243}},"locations":[{"start":{"line":992,"column":225},"end":{"line":992,"column":243}}]},"143":{"type":"branch","line":992,"loc":{"start":{"line":992,"column":244},"end":{"line":992,"column":266}},"locations":[{"start":{"line":992,"column":244},"end":{"line":992,"column":266}}]},"144":{"type":"branch","line":996,"loc":{"start":{"line":996,"column":84},"end":{"line":996,"column":107}},"locations":[{"start":{"line":996,"column":84},"end":{"line":996,"column":107}}]},"145":{"type":"branch","line":996,"loc":{"start":{"line":996,"column":108},"end":{"line":996,"column":211}},"locations":[{"start":{"line":996,"column":108},"end":{"line":996,"column":211}}]},"146":{"type":"branch","line":996,"loc":{"start":{"line":996,"column":140},"end":{"line":996,"column":166}},"locations":[{"start":{"line":996,"column":140},"end":{"line":996,"column":166}}]},"147":{"type":"branch","line":998,"loc":{"start":{"line":998,"column":85},"end":{"line":998,"column":315}},"locations":[{"start":{"line":998,"column":85},"end":{"line":998,"column":315}}]},"148":{"type":"branch","line":998,"loc":{"start":{"line":998,"column":355},"end":{"line":998,"column":573}},"locations":[{"start":{"line":998,"column":355},"end":{"line":998,"column":573}}]},"149":{"type":"branch","line":1003,"loc":{"start":{"line":1003,"column":66},"end":{"line":1003,"column":287}},"locations":[{"start":{"line":1003,"column":66},"end":{"line":1003,"column":287}}]},"150":{"type":"branch","line":1009,"loc":{"start":{"line":1009,"column":60},"end":{"line":1017,"column":45}},"locations":[{"start":{"line":1009,"column":60},"end":{"line":1017,"column":45}}]},"151":{"type":"branch","line":1017,"loc":{"start":{"line":1017,"column":46},"end":{"line":1017,"column":50}},"locations":[{"start":{"line":1017,"column":46},"end":{"line":1017,"column":50}}]},"152":{"type":"branch","line":1020,"loc":{"start":{"line":1020,"column":72},"end":{"line":1029,"column":45}},"locations":[{"start":{"line":1020,"column":72},"end":{"line":1029,"column":45}}]},"153":{"type":"branch","line":1029,"loc":{"start":{"line":1029,"column":46},"end":{"line":1034,"column":45}},"locations":[{"start":{"line":1029,"column":46},"end":{"line":1034,"column":45}}]}},"b":{"0":[758],"1":[0],"2":[7],"3":[4],"4":[3],"5":[6],"6":[2],"7":[4],"8":[2],"9":[4],"10":[1],"11":[5],"12":[1],"13":[5],"14":[1],"15":[5],"16":[1],"17":[5],"18":[1],"19":[5],"20":[1],"21":[5],"22":[3],"23":[63],"24":[0],"25":[0],"26":[2],"27":[0],"28":[0],"29":[0],"30":[0],"31":[0],"32":[0],"33":[1],"34":[1],"35":[5],"36":[2],"37":[1],"38":[0],"39":[0],"40":[0],"41":[5],"42":[3],"43":[4],"44":[4],"45":[2],"46":[2],"47":[3],"48":[1],"49":[2],"50":[2],"51":[3],"52":[1],"53":[2],"54":[2],"55":[3],"56":[0],"57":[0],"58":[2],"59":[3],"60":[0],"61":[0],"62":[1],"63":[4],"64":[4],"65":[1],"66":[1],"67":[1],"68":[3],"69":[1],"70":[2],"71":[1],"72":[1],"73":[2],"74":[1],"75":[1],"76":[2],"77":[1],"78":[1],"79":[1],"80":[0],"81":[0],"82":[0],"83":[0],"84":[0],"85":[0],"86":[0],"87":[0],"88":[0],"89":[0],"90":[0],"91":[0],"92":[0],"93":[1],"94":[4],"95":[2],"96":[2],"97":[2],"98":[3],"99":[1],"100":[2],"101":[1],"102":[1],"103":[1],"104":[0],"105":[0],"106":[0],"107":[0],"108":[0],"109":[0],"110":[0],"111":[0],"112":[1],"113":[2],"114":[2],"115":[2],"116":[2],"117":[2],"118":[3],"119":[1],"120":[2],"121":[1],"122":[1],"123":[1],"124":[2],"125":[1],"126":[2],"127":[1],"128":[2],"129":[1],"130":[2],"131":[1],"132":[2],"133":[2],"134":[1],"135":[1],"136":[1],"137":[1],"138":[1],"139":[1],"140":[2],"141":[0],"142":[1],"143":[1],"144":[1],"145":[1],"146":[0],"147":[0],"148":[0],"149":[0],"150":[1],"151":[1],"152":[1],"153":[1]},"fnMap":{"0":{"name":"t","decl":{"start":{"line":198,"column":10},"end":{"line":201,"column":2}},"loc":{"start":{"line":198,"column":10},"end":{"line":201,"column":2}},"line":198},"1":{"name":"header","decl":{"start":{"line":204,"column":12},"end":{"line":221,"column":5}},"loc":{"start":{"line":204,"column":12},"end":{"line":221,"column":5}},"line":204},"2":{"name":"navbar","decl":{"start":{"line":222,"column":12},"end":{"line":241,"column":5}},"loc":{"start":{"line":222,"column":12},"end":{"line":241,"column":5}},"line":222},"3":{"name":"sosFab","decl":{"start":{"line":242,"column":12},"end":{"line":247,"column":5}},"loc":{"start":{"line":242,"column":12},"end":{"line":247,"column":5}},"line":242},"4":{"name":"login","decl":{"start":{"line":251,"column":11},"end":{"line":321,"column":5}},"loc":{"start":{"line":251,"column":11},"end":{"line":321,"column":5}},"line":251},"5":{"name":"dashboard","decl":{"start":{"line":322,"column":15},"end":{"line":500,"column":5}},"loc":{"start":{"line":322,"column":15},"end":{"line":500,"column":5}},"line":322},"6":{"name":"report","decl":{"start":{"line":501,"column":12},"end":{"line":600,"column":5}},"loc":{"start":{"line":501,"column":12},"end":{"line":600,"column":5}},"line":501},"7":{"name":"map","decl":{"start":{"line":601,"column":9},"end":{"line":637,"column":5}},"loc":{"start":{"line":601,"column":9},"end":{"line":637,"column":5}},"line":601},"8":{"name":"ai","decl":{"start":{"line":638,"column":8},"end":{"line":789,"column":5}},"loc":{"start":{"line":638,"column":8},"end":{"line":789,"column":5}},"line":638},"9":{"name":"settings","decl":{"start":{"line":790,"column":14},"end":{"line":852,"column":5}},"loc":{"start":{"line":790,"column":14},"end":{"line":852,"column":5}},"line":790},"10":{"name":"admin","decl":{"start":{"line":853,"column":11},"end":{"line":1044,"column":5}},"loc":{"start":{"line":853,"column":11},"end":{"line":1044,"column":5}},"line":853}},"f":{"0":758,"1":7,"2":6,"3":3,"4":63,"5":2,"6":1,"7":1,"8":1,"9":1,"10":1}}
}
